=========================================
                 ERSAP DPE               
=========================================
 Name             = 10.90.0.1%8210_cpp
 Date             = 2026-02-06 09:37:07
 Version          = 4.3
 Lang             = C++

 Proxy Host       = 10.90.0.1
 Proxy Port       = 8210

 FrontEnd Host    = 10.90.0.1
 FrontEnd Port    = 8200
 FrontEnd Lang    = Java
=========================================
2026-02-06 09:37:10: started container = 10.90.0.1%8210_cpp:gurjyan
2026-02-06 09:37:10: created service = 10.90.0.1%8210_cpp:gurjyan:haidis pool_size = 128
2026-02-06 09:37:11: started service = 10.90.0.1%8210_cpp:gurjyan:haidis
π+ four-vector: E=0.16268, Px=-0.0553506, Py=-0.00241351, Pz=0.06383
π- four-vector: E=0.194907, Px=-0.0985396, Py=-0.0866344, Pz=-0.0381097
γ1 four-vector: E=0.162765, Px=0.125199, Py=0.0973944, Pz=0.0364968
γ2 four-vector: E=0.0349351, Px=0.00595988, Py=-0.0108961, Pz=-0.032653
π+ four-vector: E=0.17965, Px=0.078424, Py=0.0627732, Pz=0.0535022
π- four-vector: E=0.194036, Px=-0.119382, Py=-0.0593751, Pz=0.0234858
γ1 four-vector: E=0.102765, Px=0.101569, Py=-0.0108253, Pz=-0.0112803
γ2 four-vector: E=0.0178831, Px=-0.00706787, Py=-0.00399798, Pz=-0.0159332
π+ four-vector: E=0.202029, Px=-0.0299694, Py=0.109622, Pz=-0.0926254
π- four-vector: E=0.189637, Px=-0.0362285, Py=-0.0413303, Pz=0.116708
γ1 four-vector: E=0.129865, Px=0.107478, Py=-0.0297805, Pz=-0.0665327
γ2 four-vector: E=0.0500541, Px=-0.0101538, Py=-0.0346005, Pz=0.0347149
π+ four-vector: E=0.151869, Px=0.0215166, Py=0.0386317, Pz=0.0422842
π- four-vector: E=0.18512, Px=-0.059104, Py=-0.0158713, Pz=0.105846
γ1 four-vector: E=0.0502459, Px=-0.0301228, Py=-0.00280711, Pz=-0.0401171
γ2 four-vector: E=0.0825216, Px=0.0541505, Py=-0.0146866, Pz=-0.0605131
π+ four-vector: E=0.204556, Px=-0.148474, Py=-0.00611244, Pz=-0.0209862
π- four-vector: E=0.209895, Px=0.145158, Py=-0.00493162, Pz=0.0603324
γ1 four-vector: E=0.0855226, Px=0.0361802, Py=0.0615161, Pz=-0.0471263
γ2 four-vector: E=0.0762289, Px=-0.0221649, Py=-0.0725066, Pz=0.00789666
π+ four-vector: E=0.189999, Px=-0.108139, Py=0.0594113, Pz=0.0394323
π- four-vector: E=0.18206, Px=-0.0353276, Py=-0.105877, Pz=-0.0369683
γ1 four-vector: E=0.00182337, Px=-0.000540402, Py=5.79405e-05, Pz=-0.00174048
γ2 four-vector: E=0.12999, Px=0.122245, Py=0.0215825, Pz=0.0385696
π+ four-vector: E=0.192554, Px=-0.131277, Py=-0.0226923, Pz=-0.00267898
π- four-vector: E=0.1932, Px=0.129622, Py=-0.0252552, Pz=0.0237836
γ1 four-vector: E=0.0967665, Px=-0.0414184, Py=0.0767348, Pz=-0.0419529
γ2 four-vector: E=0.0541754, Px=0.0396142, Py=-0.0200164, Pz=0.031065
π+ four-vector: E=0.226696, Px=0.173265, Py=0.0200036, Pz=0.0406111
π- four-vector: E=0.165219, Px=-0.0867739, Py=-0.0200279, Pz=-0.00674244
γ1 four-vector: E=0.0383301, Px=-0.00826437, Py=0.0294765, Pz=-0.0230658
γ2 four-vector: E=0.0513787, Px=-0.0389884, Py=-0.0328, Pz=0.00662073
π+ four-vector: E=0.220377, Px=0.148655, Py=-0.0843907, Pz=0.0049712
π- four-vector: E=0.189806, Px=-0.105837, Py=0.0715095, Pz=0.0197565
γ1 four-vector: E=0.0416225, Px=0.030172, Py=0.0283677, Pz=0.00416571
γ2 four-vector: E=0.0994755, Px=-0.0905766, Py=-0.0272616, Pz=-0.0307905
π+ four-vector: E=0.156849, Px=0.0702917, Py=-0.00606028, Pz=-0.0174074
π- four-vector: E=0.204965, Px=-0.0833977, Py=-0.119391, Pz=-0.0384735
γ1 four-vector: E=0.178807, Px=0.0343741, Py=0.12505, Pz=0.123097
γ2 four-vector: E=0.0379635, Px=-0.0268838, Py=0.010133, Pz=-0.0248155
π+ four-vector: E=0.222392, Px=-0.0677192, Py=-0.0305015, Pz=-0.156911
π- four-vector: E=0.1708, Px=0.0185144, Py=0.0015549, Pz=0.0975002
γ1 four-vector: E=0.107648, Px=0.106498, Py=0.0129624, Pz=-0.00884204
γ2 four-vector: E=0.00596401, Px=-0.00415309, Py=0.00277744, Pz=0.00325685
π+ four-vector: E=0.177342, Px=-0.0935563, Py=-0.0300898, Pz=-0.049711
π- four-vector: E=0.189229, Px=0.113474, Py=-0.0545209, Pz=0.0252499
γ1 four-vector: E=0.0483768, Px=-0.00785517, Py=-0.042309, Pz=0.0221034
γ2 four-vector: E=0.123389, Px=-0.037552, Py=0.110526, Pz=0.0399849
π+ four-vector: E=0.183819, Px=-0.0553452, Py=-0.0479166, Pz=0.095443
π- four-vector: E=0.179357, Px=0.0805419, Py=-0.0484525, Pz=-0.0633516
γ1 four-vector: E=0.0362425, Px=-0.0262906, Py=0.0088147, Pz=-0.0233371
γ2 four-vector: E=0.0888206, Px=0.012718, Py=0.0809918, Pz=0.0341712
π+ four-vector: E=0.213259, Px=-0.072239, Py=-0.144617, Pz=0.00508527
π- four-vector: E=0.170514, Px=0.0619482, Py=0.0430061, Pz=-0.0637728
γ1 four-vector: E=0.145684, Px=-0.028838, Py=0.138412, Pz=0.0351339
γ2 four-vector: E=0.0527632, Px=0.0429374, Py=-0.0199538, Pz=0.0232846
π+ four-vector: E=0.197199, Px=0.113183, Py=-0.0543436, Pz=0.0616668
π- four-vector: E=0.158372, Px=-0.0436064, Py=-0.0615326, Pz=0.00853153
γ1 four-vector: E=0.121049, Px=-0.0497531, Py=0.0411562, Pz=-0.102389
γ2 four-vector: E=0.0451395, Px=-0.00708092, Py=0.0415814, Pz=0.0160754
π+ four-vector: E=0.172748, Px=-0.0787189, Py=0.0650443, Pz=0.00966572
π- four-vector: E=0.221464, Px=0.104155, Py=-0.128712, Pz=0.0480662
γ1 four-vector: E=0.0444512, Px=-0.0287617, Py=-0.0155714, Pz=-0.0301032
γ2 four-vector: E=0.119331, Px=0.0408161, Py=0.111261, Pz=-0.013962
π+ four-vector: E=0.176621, Px=0.0433621, Py=-0.0840764, Pz=0.054081
π- four-vector: E=0.225637, Px=-0.0559965, Py=0.0811546, Pz=-0.147883
γ1 four-vector: E=0.0868501, Px=0.00443861, Py=0.0380203, Pz=0.0779595
γ2 four-vector: E=0.0706598, Px=0.0235839, Py=-0.059294, Pz=-0.0303451
π+ four-vector: E=0.197662, Px=-0.0909363, Py=0.100432, Pz=0.037325
π- four-vector: E=0.204152, Px=0.134408, Py=-0.0654992, Pz=0.00117563
γ1 four-vector: E=0.0708719, Px=-0.0642227, Py=-0.0291827, Pz=-0.00682882
γ2 four-vector: E=0.0692235, Px=0.0598407, Py=0.0142562, Pz=-0.0317451
π+ four-vector: E=0.201256, Px=-0.109341, Py=-0.064334, Pz=0.0713365
π- four-vector: E=0.168163, Px=0.0721066, Py=-0.0481345, Pz=-0.0379653
γ1 four-vector: E=0.0722421, Px=0.0162858, Py=-0.00712358, Pz=0.0700211
γ2 four-vector: E=0.0246911, Px=-0.00374626, Py=0.0186192, Pz=-0.0157779
π+ four-vector: E=0.217536, Px=-0.162564, Py=0.0390878, Pz=0.00679439
π- four-vector: E=0.179958, Px=0.112291, Py=-0.0147077, Pz=0.0154356
γ1 four-vector: E=0.344794, Px=-0.0427142, Py=0.00265902, Pz=0.342127
γ2 four-vector: E=0.01, Px=0.00018441, Py=-0.000268832, Pz=0.00999468
π+ four-vector: E=0.200497, Px=0.125866, Py=0.0288709, Pz=-0.0648271
π- four-vector: E=0.153656, Px=0.0208287, Py=-0.00569786, Pz=0.0618296
γ1 four-vector: E=0.0783372, Px=-0.015522, Py=-0.076268, Pz=-0.00888748
γ2 four-vector: E=0.215133, Px=0.00657346, Py=-0.00422985, Pz=0.214991
π+ four-vector: E=0.148881, Px=-0.0380823, Py=0.00749642, Pz=0.0365794
π- four-vector: E=0.213611, Px=0.135645, Py=-0.0803531, Pz=0.0381124
γ1 four-vector: E=0.01, Px=-0.00555981, Py=-0.00187838, Pz=0.00809693
γ2 four-vector: E=0.01, Px=0.00325489, Py=-0.00386772, Pz=0.00862824
π+ four-vector: E=0.174789, Px=-0.0260934, Py=-0.0820054, Pz=0.0618431
π- four-vector: E=0.179399, Px=0.0492383, Py=0.0840789, Pz=0.0580447
γ1 four-vector: E=0.0200286, Px=-0.0119376, Py=-0.0129834, Pz=0.00949052
γ2 four-vector: E=0.475711, Px=-0.353564, Py=-0.0568856, Pz=0.313141
π+ four-vector: E=0.18572, Px=0.114335, Py=0.0330564, Pz=0.0317133
π- four-vector: E=0.184003, Px=-0.042514, Py=-0.0676063, Pz=-0.0903209
γ1 four-vector: E=0.384591, Px=0.355266, Py=0.0482061, Pz=0.139185
γ2 four-vector: E=0.01, Px=9.1048e-05, Py=-0.000418698, Pz=0.00999082
π+ four-vector: E=0.202855, Px=-0.120674, Py=0.0658786, Pz=0.0541032
π- four-vector: E=0.157322, Px=0.0538991, Py=-0.0358148, Pz=0.0352345
γ1 four-vector: E=0.0185206, Px=-0.0152641, Py=-0.00878118, Pz=-0.00573674
γ2 four-vector: E=0.0619502, Px=0.00305026, Py=0.00131788, Pz=-0.061861
π+ four-vector: E=0.203677, Px=0.0613993, Py=-6.45082e-05, Pz=-0.135623
π- four-vector: E=0.157964, Px=-0.0217816, Py=0.0680449, Pz=0.0229595
γ1 four-vector: E=0.173508, Px=-0.0617781, Py=-0.0237405, Pz=-0.16039
γ2 four-vector: E=0.0116361, Px=0.000558399, Py=0.0046262, Pz=-0.0106623
π+ four-vector: E=0.161437, Px=-0.025272, Py=0.0577875, Pz=-0.0525628
π- four-vector: E=0.199024, Px=-0.076547, Py=-0.117982, Pz=0.0225859
γ1 four-vector: E=0.01, Px=-0.00809298, Py=0.00462301, Pz=0.00362373
γ2 four-vector: E=0.0322506, Px=0.00162364, Py=-0.00232793, Pz=0.0321255
π+ four-vector: E=0.206197, Px=0.0963353, Py=-0.0550914, Pz=0.104309
π- four-vector: E=0.202089, Px=-0.127601, Py=-0.00350149, Pz=-0.0722802
γ1 four-vector: E=0.505965, Px=0.45322, Py=-0.0400531, Pz=0.221331
γ2 four-vector: E=0.171491, Px=0.010179, Py=-0.0706628, Pz=0.155924
π+ four-vector: E=0.19482, Px=-0.0872601, Py=0.0899312, Pz=0.0541484
π- four-vector: E=0.194685, Px=0.127204, Py=-0.0330481, Pz=-0.0361701
γ1 four-vector: E=0.297293, Px=0.224357, Py=0.0195961, Pz=-0.194069
γ2 four-vector: E=0.136758, Px=0.0370488, Py=-5.83176e-08, Pz=-0.131644
π+ four-vector: E=0.167463, Px=-0.0407726, Py=-0.0491347, Pz=-0.0681638
π- four-vector: E=0.213047, Px=0.0760014, Py=0.0893437, Pz=0.110948
γ1 four-vector: E=0.0134099, Px=0.000671016, Py=-0.00923816, Pz=0.00969699
γ2 four-vector: E=0.184052, Px=0.00258134, Py=-0.153671, Pz=0.10126
π+ four-vector: E=0.202381, Px=-0.0549705, Py=-0.0597751, Pz=-0.122646
π- four-vector: E=0.1709, Px=0.0576558, Py=-0.0461926, Pz=0.066542
γ1 four-vector: E=0.205183, Px=0.0131567, Py=-0.0125013, Pz=-0.204379
γ2 four-vector: E=0.488232, Px=0.303926, Py=-0.0899722, Pz=-0.371354
π+ four-vector: E=0.178547, Px=-0.0716856, Py=0.0854146, Pz=-0.0111203
π- four-vector: E=0.178605, Px=0.0157239, Py=-0.0537903, Pz=0.0971503
γ1 four-vector: E=0.01, Px=-0.00276449, Py=0.00960979, Pz=-9.7491e-05
γ2 four-vector: E=0.0345594, Px=-0.0170902, Py=0.0045968, Pz=-0.0296841
π+ four-vector: E=0.192984, Px=0.0115363, Py=-0.092994, Pz=0.0956071
π- four-vector: E=0.172082, Px=-0.0164108, Py=0.0840321, Pz=0.0544114
γ1 four-vector: E=0.813405, Px=-0.507658, Py=0.0560223, Pz=0.633065
γ2 four-vector: E=0.01, Px=0.000787962, Py=0.00108803, Pz=-0.00990935
π+ four-vector: E=0.216352, Px=0.0124965, Py=0.0418678, Pz=0.159931
π- four-vector: E=0.191294, Px=-0.0265929, Py=-0.0438136, Pz=-0.121019
γ1 four-vector: E=0.25259, Px=-0.198135, Py=0.150837, Pz=-0.0423388
γ2 four-vector: E=0.01, Px=0.00274698, Py=0.0073878, Pz=0.00615423
π+ four-vector: E=0.208351, Px=-0.0498109, Py=0.146494, Pz=-0.0121523
π- four-vector: E=0.164459, Px=0.0186067, Py=-0.0810596, Pz=-0.0284431
γ1 four-vector: E=0.01, Px=-0.00183616, Py=-0.00165661, Pz=0.00968938
γ2 four-vector: E=0.01, Px=-0.00123002, Py=0.00204324, Pz=-0.00971145
π+ four-vector: E=0.172284, Px=-0.0307745, Py=0.0783407, Pz=0.0572416
π- four-vector: E=0.207379, Px=0.141076, Py=-0.0604173, Pz=0.0115103
γ1 four-vector: E=0.0331628, Px=0.00303984, Py=0.0067315, Pz=-0.0323298
γ2 four-vector: E=0.0714135, Px=-0.0331398, Py=-0.0336912, Pz=-0.0535401
π+ four-vector: E=0.163521, Px=0.059374, Py=-0.0623012, Pz=-0.00337404
π- four-vector: E=0.190146, Px=-0.0894909, Py=0.0464964, Pz=-0.0816332
γ1 four-vector: E=0.109547, Px=-0.00647712, Py=0.0070156, Pz=0.10913
γ2 four-vector: E=0.166403, Px=-0.0226986, Py=0.139874, Pz=0.087235
π+ four-vector: E=0.197882, Px=-0.0671224, Py=-0.0353728, Pz=0.118657
π- four-vector: E=0.17697, Px=0.0378883, Py=0.0923405, Pz=-0.0451122
γ1 four-vector: E=0.275717, Px=-0.0011047, Py=0.0378137, Pz=0.273109
γ2 four-vector: E=0.387134, Px=0.222444, Py=0.217458, Pz=-0.230442
π+ four-vector: E=0.159664, Px=0.0315032, Py=0.0370271, Pz=0.0617094
π- four-vector: E=0.228296, Px=-0.148511, Py=-0.00267832, Pz=-0.103612
γ1 four-vector: E=0.117374, Px=0.102616, Py=0.0293192, Pz=0.0488567
γ2 four-vector: E=0.0267829, Px=0.00451063, Py=-0.00825542, Pz=-0.0250764
π+ four-vector: E=0.15688, Px=-0.0103583, Py=-0.071472, Pz=0.00864183
π- four-vector: E=0.215595, Px=0.0985658, Py=0.127622, Pz=-0.0340249
γ1 four-vector: E=0.053242, Px=0.0066316, Py=-0.0144397, Pz=0.0508156
γ2 four-vector: E=0.624664, Px=0.0644976, Py=0.61938, Pz=0.0491333
π+ four-vector: E=0.164756, Px=0.0649236, Py=0.0217999, Pz=0.0559741
π- four-vector: E=0.217396, Px=-0.0641808, Py=-0.054158, Pz=-0.144526
γ1 four-vector: E=0.127192, Px=-0.0454065, Py=0.116913, Pz=-0.021152
γ2 four-vector: E=0.427916, Px=0.115567, Py=-0.280086, Pz=-0.302172
π+ four-vector: E=0.195124, Px=0.00640228, Py=0.136571, Pz=-0.00773962
π- four-vector: E=0.172489, Px=-0.0340179, Py=-0.0796784, Pz=-0.0540892
γ1 four-vector: E=0.9487, Px=0.29793, Py=-0.135723, Pz=0.89042
γ2 four-vector: E=0.0191739, Px=0.00529678, Py=-0.0145833, Pz=-0.0112654
π+ four-vector: E=0.21583, Px=0.141704, Py=0.0691119, Pz=-0.0490421
π- four-vector: E=0.165341, Px=-0.0481453, Py=-0.0752029, Pz=0.00657204
γ1 four-vector: E=0.018685, Px=-0.0121908, Py=0.00204, Pz=0.0140125
γ2 four-vector: E=0.0614521, Px=-0.00852768, Py=-0.0408962, Pz=0.0450682
π+ four-vector: E=0.158534, Px=0.0589276, Py=0.0481053, Pz=0.00504678
π- four-vector: E=0.201127, Px=-0.127188, Py=-0.0526515, Pz=-0.0467127
γ1 four-vector: E=0.372962, Px=-0.108644, Py=0.163719, Pz=0.317006
γ2 four-vector: E=0.0886505, Px=0.019035, Py=0.0310689, Pz=0.0808165
π+ four-vector: E=0.180632, Px=-0.0173854, Py=0.0370454, Pz=-0.107854
π- four-vector: E=0.178842, Px=-0.0903102, Py=-0.023185, Pz=0.0630073
γ1 four-vector: E=0.0156712, Px=-0.00111014, Py=0.00596476, Pz=-0.014449
γ2 four-vector: E=0.0163342, Px=-0.00324817, Py=-0.0158135, Pz=-0.00248796
π+ four-vector: E=0.187981, Px=-0.0118543, Py=0.025435, Pz=-0.123403
π- four-vector: E=0.157091, Px=0.0421042, Py=0.0591267, Pz=0.00937177
γ1 four-vector: E=0.0473566, Px=0.00480236, Py=0.0455565, Pz=-0.0120078
γ2 four-vector: E=0.502521, Px=-0.0211821, Py=-0.0536795, Pz=-0.499196
π+ four-vector: E=0.187843, Px=0.12479, Py=0.0197849, Pz=0.000451427
π- four-vector: E=0.211847, Px=-0.155706, Py=-0.000860516, Pz=0.036239
γ1 four-vector: E=0.206075, Px=0.0722169, Py=-0.173016, Pz=-0.0855416
γ2 four-vector: E=0.173062, Px=0.061721, Py=-0.126722, Pz=0.100412
π+ four-vector: E=0.214954, Px=0.0931261, Py=-0.104308, Pz=-0.0856249
π- four-vector: E=0.173187, Px=-0.0706147, Py=0.034802, Pz=0.0668958
γ1 four-vector: E=0.0820254, Px=-0.0489342, Py=0.000745158, Pz=0.0658259
γ2 four-vector: E=0.0556816, Px=0.0494201, Py=-0.0153248, Pz=0.0205729
π+ four-vector: E=0.168488, Px=0.0332821, Py=0.0891723, Pz=0.00278113
π- four-vector: E=0.191214, Px=0.11683, Py=-0.0375902, Pz=-0.0466841
γ1 four-vector: E=0.01, Px=-0.00666247, Py=0.00599086, Pz=0.00444084
γ2 four-vector: E=0.0431951, Px=-0.0408475, Py=-0.011731, Pz=-0.00772501
π+ four-vector: E=0.165956, Px=0.0853411, Py=-0.0299618, Pz=-0.00629231
π- four-vector: E=0.197472, Px=-0.0586257, Py=-0.0484931, Pz=0.117837
γ1 four-vector: E=0.522987, Px=0.429755, Py=-0.0280659, Pz=0.296713
γ2 four-vector: E=0.0100738, Px=-0.00109737, Py=-0.0062449, Pz=0.007828
π+ four-vector: E=0.184, Px=0.0631809, Py=-0.0983515, Pz=-0.0294994
π- four-vector: E=0.197422, Px=-0.0554044, Py=0.0798152, Pz=0.101067
γ1 four-vector: E=0.100421, Px=0.0515917, Py=0.0850178, Pz=0.0139529
γ2 four-vector: E=0.0108164, Px=-0.00173495, Py=0.00394968, Pz=-0.00991886
π+ four-vector: E=0.151541, Px=0.0524721, Py=0.00923022, Pz=0.0283739
π- four-vector: E=0.23428, Px=-0.137571, Py=-0.0798254, Pz=-0.101332
γ1 four-vector: E=0.372739, Px=-0.143225, Py=-0.332487, Pz=-0.0887329
γ2 four-vector: E=0.01, Px=-0.0098492, Py=0.0011536, Pz=-0.00128933
π+ four-vector: E=0.176264, Px=-0.0978745, Py=0.0354173, Pz=0.0302346
π- four-vector: E=0.206709, Px=0.0327904, Py=-0.00164178, Pz=-0.149431
γ1 four-vector: E=0.015168, Px=-0.0132581, Py=-0.00588862, Pz=-0.00442862
γ2 four-vector: E=0.0354833, Px=-0.00723226, Py=0.00948441, Pz=-0.0334186
π+ four-vector: E=0.205666, Px=0.0429045, Py=0.127247, Pz=-0.0703204
π- four-vector: E=0.310948, Px=0.212611, Py=-0.179315, Pz=-0.00320852
γ1 four-vector: E=0.094487, Px=-0.0625845, Py=0.0349485, Pz=0.0615595
γ2 four-vector: E=0.152518, Px=-0.150697, Py=-0.00636447, Pz=-0.0226212
π+ four-vector: E=0.329813, Px=0.259483, Py=0.109185, Pz=-0.101008
π- four-vector: E=0.221065, Px=-0.126961, Py=-0.0836338, Pz=-0.0802173
γ1 four-vector: E=0.125156, Px=0.0255946, Py=0.00873783, Pz=0.122199
γ2 four-vector: E=0.0696192, Px=-0.0647833, Py=-0.0128772, Pz=0.0220032
π+ four-vector: E=0.294761, Px=0.0531814, Py=0.0229403, Pz=0.253394
π- four-vector: E=0.249616, Px=0.0968815, Py=0.0715544, Pz=-0.168763
γ1 four-vector: E=0.0926909, Px=-0.0180159, Py=-0.0836708, Pz=-0.0355841
γ2 four-vector: E=0.139184, Px=-0.136837, Py=0.0103097, Pz=-0.0232702
π+ four-vector: E=0.151013, Px=-0.0313697, Py=0.0498097, Pz=-0.00433731
π- four-vector: E=0.307738, Px=-0.249992, Py=-0.0539116, Pz=-0.0998959
γ1 four-vector: E=0.173101, Px=0.132172, Py=-0.0332694, Pz=0.106714
γ2 four-vector: E=0.173804, Px=0.171435, Py=0.0275154, Pz=-0.00781006
π+ four-vector: E=0.327718, Px=0.0653274, Py=-0.161359, Pz=-0.240361
π- four-vector: E=0.324303, Px=-0.0671326, Py=0.157783, Pz=0.23759
γ1 four-vector: E=0.043744, Px=-0.0232145, Py=-0.0323127, Pz=0.0181802
γ2 four-vector: E=0.119185, Px=0.0396726, Py=0.112131, Pz=0.00760868
π+ four-vector: E=0.219256, Px=0.117677, Py=0.00123991, Pz=-0.122076
π- four-vector: E=0.223095, Px=0.156691, Py=0.0643449, Pz=0.0419275
γ1 four-vector: E=0.0431854, Px=-0.0389405, Py=-0.00383594, Pz=-0.0182729
γ2 four-vector: E=0.232497, Px=-0.191508, Py=-0.0312433, Pz=0.128075
π+ four-vector: E=0.222122, Px=0.0558476, Py=-0.0740224, Pz=-0.146352
π- four-vector: E=0.28012, Px=-0.19125, Py=0.0743309, Pz=0.130555
γ1 four-vector: E=0.261085, Px=0.245633, Py=0.0851057, Pz=0.0242217
γ2 four-vector: E=0.0062116, Px=-0.00573544, Py=0.000153881, Pz=-0.00238013
π+ four-vector: E=0.244315, Px=0.0718849, Py=0.100437, Pz=0.158473
π- four-vector: E=0.218957, Px=0.157357, Py=-0.0620837, Pz=0.00232464
γ1 four-vector: E=0.0509357, Px=-0.00773563, Py=0.00270196, Pz=-0.0502723
γ2 four-vector: E=0.232387, Px=-0.210118, Py=-0.0542844, Pz=-0.0831086
π+ four-vector: E=0.201071, Px=-0.0634904, Py=-0.0661585, Pz=0.112697
π- four-vector: E=0.290812, Px=0.059374, Py=0.246432, Pz=-0.0315691
γ1 four-vector: E=0.0202702, Px=-0.0100154, Py=0.00378133, Pz=0.0172126
γ2 four-vector: E=0.211947, Px=0.0390155, Py=-0.191377, Pz=-0.0823048
π+ four-vector: E=0.33301, Px=-0.214116, Py=0.193494, Pz=-0.091044
π- four-vector: E=0.268334, Px=0.177594, Py=-0.144324, Pz=0.0176926
γ1 four-vector: E=0.0490819, Px=-0.0441329, Py=0.021051, Pz=0.00426341
γ2 four-vector: E=0.0958979, Px=0.0221023, Py=-0.0924114, Pz=0.0129624
π+ four-vector: E=0.217091, Px=0.120831, Py=-0.0820391, Pz=0.0804784
π- four-vector: E=0.238607, Px=-0.111326, Py=-0.138765, Pz=0.0772214
γ1 four-vector: E=0.215582, Px=0.039206, Py=0.156204, Pz=-0.143313
γ2 four-vector: E=0.122106, Px=-0.0655408, Py=0.101392, Pz=-0.0182787
π+ four-vector: E=0.209905, Px=0.0421063, Py=0.080246, Pz=0.128556
π- four-vector: E=0.252686, Px=-0.146623, Py=0.127795, Pz=0.0818497
γ1 four-vector: E=0.205776, Px=0.0366496, Py=-0.174262, Pz=-0.103118
γ2 four-vector: E=0.127059, Px=0.0703117, Py=-0.0145411, Pz=-0.104827
π+ four-vector: E=0.329399, Px=-0.212431, Py=-0.204405, Pz=0.0476899
π- four-vector: E=0.219011, Px=0.151309, Py=0.0757613, Pz=0.00327757
γ1 four-vector: E=0.210252, Px=0.0713441, Py=0.191751, Pz=-0.0484522
γ2 four-vector: E=0.0262182, Px=-0.0157944, Py=-0.00843084, Pz=-0.0191534
π+ four-vector: E=0.286417, Px=0.157903, Py=-0.149898, Pz=0.123738
π- four-vector: E=0.338958, Px=-0.262736, Py=0.15689, Pz=-0.0438947
γ1 four-vector: E=0.108245, Px=0.0713348, Py=-0.0292971, Pz=-0.0759601
γ2 four-vector: E=0.0308614, Px=-0.00419805, Py=0.0163221, Pz=0.0258533
π+ four-vector: E=0.342299, Px=0.295398, Py=-0.0799195, Pz=-0.0648073
π- four-vector: E=0.21877, Px=-0.136084, Py=-0.0737533, Pz=0.0676839
γ1 four-vector: E=0.118611, Px=-0.0435074, Py=0.109757, Pz=-0.0113628
γ2 four-vector: E=0.11672, Px=-0.116533, Py=-0.00270813, Pz=-0.00603057
π+ four-vector: E=0.241356, Px=0.134335, Py=0.0760258, Pz=0.122906
π- four-vector: E=0.209185, Px=0.0812473, Py=0.133344, Pz=0.00745544
γ1 four-vector: E=0.168345, Px=-0.0720458, Py=-0.106236, Pz=-0.108919
γ2 four-vector: E=0.190169, Px=-0.161958, Py=-0.0988459, Pz=-0.0127857
π+ four-vector: E=0.305662, Px=0.0838868, Py=-0.191654, Pz=0.174183
π- four-vector: E=0.339253, Px=-0.0312371, Py=0.18655, Pz=-0.244939
γ1 four-vector: E=0.091959, Px=-0.056278, Py=-0.0268259, Pz=0.0675989
γ2 four-vector: E=0.0414556, Px=0.00952087, Py=-0.00866829, Pz=-0.0394053
π+ four-vector: E=0.299543, Px=-0.214438, Py=0.0425093, Pz=0.15038
π- four-vector: E=0.274183, Px=0.210975, Py=-0.096265, Pz=-0.0455861
γ1 four-vector: E=0.0570977, Px=-0.00469687, Py=0.0250444, Pz=0.0510967
γ2 four-vector: E=0.177954, Px=-0.033191, Py=0.0704832, Pz=-0.159994
π+ four-vector: E=0.257735, Px=0.207375, Py=-0.0496129, Pz=0.0404994
π- four-vector: E=0.274346, Px=-0.0865744, Py=0.0167549, Pz=-0.219474
γ1 four-vector: E=0.0443417, Px=0.00551595, Py=0.0332891, Pz=0.0287681
γ2 four-vector: E=0.182111, Px=-0.137178, Py=0.00460831, Pz=0.119689
π+ four-vector: E=0.301114, Px=-0.0630727, Py=0.0751979, Pz=-0.248427
π- four-vector: E=0.255385, Px=0.0906848, Py=0.0647817, Pz=0.182975
γ1 four-vector: E=0.0238506, Px=-0.00124833, Py=-0.00890973, Pz=-0.0220887
γ2 four-vector: E=0.0916126, Px=-0.0209851, Py=-0.0742663, Pz=0.049366
π+ four-vector: E=0.320427, Px=-0.00740609, Py=-0.283013, Pz=-0.0565787
π- four-vector: E=0.296876, Px=-0.0356954, Py=0.259524, Pz=0.0136999
γ1 four-vector: E=0.0571238, Px=0.0500032, Py=0.00156837, Pz=-0.0275744
γ2 four-vector: E=0.0770731, Px=-0.0364566, Py=0.0232043, Pz=0.063818
π+ four-vector: E=0.341602, Px=0.16101, Py=0.203454, Pz=-0.17336
π- four-vector: E=0.299153, Px=-0.183423, Py=-0.162536, Pz=0.100547
γ1 four-vector: E=0.116249, Px=0.0205899, Py=-0.101489, Pz=0.0528194
γ2 four-vector: E=0.0638789, Px=0.0145449, Py=0.0621981, Pz=-0.000594413
π+ four-vector: E=0.271864, Px=-0.0435986, Py=-0.216122, Pz=0.0773254
π- four-vector: E=0.239147, Px=-0.143228, Py=0.0600627, Pz=-0.117253
γ1 four-vector: E=0.156777, Px=0.0956109, Py=0.120698, Pz=-0.0294908
γ2 four-vector: E=0.102482, Px=0.049501, Py=0.0452332, Pz=0.0774995
π+ four-vector: E=0.245878, Px=0.161568, Py=0.0158776, Pz=0.121568
π- four-vector: E=0.323958, Px=-0.243317, Py=-0.0203752, Pz=-0.161274
γ1 four-vector: E=0.14382, Px=0.131742, Py=0.043082, Pz=-0.038367
γ2 four-vector: E=0.062109, Px=0.0158828, Py=-0.0250469, Pz=0.0545702
π+ four-vector: E=0.183743, Px=-0.0151019, Py=0.0964208, Pz=0.0701103
π- four-vector: E=0.342633, Px=0.0799743, Py=-0.302741, Pz=-0.00534122
γ1 four-vector: E=0.212744, Px=-0.107404, Py=0.181711, Pz=-0.0265587
γ2 four-vector: E=0.0868648, Px=0.0170089, Py=0.0277542, Pz=-0.080535
π+ four-vector: E=0.188169, Px=0.0848644, Py=-0.0779201, Pz=0.0530373
π- four-vector: E=0.283869, Px=0.134374, Py=0.207709, Pz=-0.0078333
γ1 four-vector: E=0.13603, Px=-0.124712, Py=0.0151335, Pz=-0.0521724
γ2 four-vector: E=0.208393, Px=-0.119132, Py=-0.170161, Pz=-0.0167557
π+ four-vector: E=0.221076, Px=-0.0254442, Py=-0.0322678, Pz=0.166928
π- four-vector: E=0.261116, Px=-0.125591, Py=-0.140364, Pz=-0.115695
γ1 four-vector: E=0.208181, Px=0.162907, Py=0.119068, Pz=-0.0512177
γ2 four-vector: E=0.0937685, Px=-0.0163327, Py=0.0889186, Pz=-0.0248848
π+ four-vector: E=0.244696, Px=-0.0628949, Py=0.163969, Pz=-0.0985586
π- four-vector: E=0.288591, Px=0.0400197, Py=-0.0421846, Pz=0.246135
γ1 four-vector: E=0.0471694, Px=-0.0318018, Py=0.0019306, Pz=-0.0347832
γ2 four-vector: E=0.158924, Px=0.0623565, Py=-0.104254, Pz=-0.102467
π+ four-vector: E=0.208229, Px=-0.100113, Py=0.117955, Pz=0.0101283
π- four-vector: E=0.258166, Px=0.123058, Py=0.0449962, Pz=0.173669
γ1 four-vector: E=0.103991, Px=0.0187666, Py=-0.02812, Pz=-0.0983419
γ2 four-vector: E=0.122354, Px=-0.0536163, Py=-0.0949765, Pz=-0.0554545
π+ four-vector: E=0.289279, Px=0.250325, Py=0.0410835, Pz=0.00332603
π- four-vector: E=0.206577, Px=-0.0926959, Py=0.12082, Pz=-0.0127694
γ1 four-vector: E=0.120601, Px=-0.0907444, Py=-0.0537136, Pz=-0.0585227
γ2 four-vector: E=0.0550845, Px=-0.0267812, Py=-0.0415466, Pz=0.0243095
π+ four-vector: E=0.307949, Px=0.017094, Py=-0.253926, Pz=-0.103637
π- four-vector: E=0.157884, Px=0.0124646, Py=0.0497361, Pz=-0.054566
γ1 four-vector: E=0.039914, Px=0.00526249, Py=-0.0139063, Pz=0.0370411
γ2 four-vector: E=0.253264, Px=-0.0592929, Py=0.210807, Pz=0.127231
π+ four-vector: E=0.337085, Px=0.208945, Py=0.210154, Pz=-0.0805153
π- four-vector: E=0.181515, Px=-0.0644623, Py=-0.0308311, Pz=0.0923089
γ1 four-vector: E=0.108606, Px=-0.0178948, Py=-0.103234, Pz=0.0285994
γ2 four-vector: E=0.173529, Px=-0.118359, Py=-0.0997838, Pz=-0.078401
π+ four-vector: E=0.201431, Px=-0.0130707, Py=-0.0744527, Pz=-0.124656
π- four-vector: E=0.23257, Px=0.152004, Py=-0.0169708, Pz=-0.106653
γ1 four-vector: E=0.151476, Px=-0.0395077, Py=-0.00433931, Pz=0.146168
γ2 four-vector: E=0.187934, Px=-0.112864, Py=0.101799, Pz=0.110534
π+ four-vector: E=0.265632, Px=0.176335, Py=-0.136874, Pz=0.0375611
π- four-vector: E=0.276989, Px=-0.18156, Py=-0.107189, Pz=0.113791
γ1 four-vector: E=0.075955, Px=0.0190649, Py=0.0733028, Pz=0.00569198
γ2 four-vector: E=0.133665, Px=-0.019579, Py=0.0841602, Pz=-0.10198
π+ four-vector: E=0.178759, Px=0.0386081, Py=0.00868054, Pz=0.105205
π- four-vector: E=0.311316, Px=0.261459, Py=-0.0881842, Pz=-0.0381996
γ1 four-vector: E=0.209265, Px=-0.181988, Py=0.0307524, Pz=-0.0986219
γ2 four-vector: E=0.156732, Px=-0.133425, Py=0.0758781, Pz=0.0317074
π+ four-vector: E=0.275369, Px=0.0552342, Py=-0.193133, Pz=0.127104
π- four-vector: E=0.340772, Px=-0.162717, Py=0.259552, Pz=-0.0544112
γ1 four-vector: E=0.0801732, Px=0.0782909, Py=-0.01563, Pz=0.0073464
γ2 four-vector: E=0.0635253, Px=-0.0305918, Py=-0.0501675, Pz=-0.0241419
π+ four-vector: E=0.33616, Px=-0.0647817, Py=0.297172, Pz=-0.0342715
π- four-vector: E=0.227048, Px=0.0766844, Py=-0.150053, Pz=0.0619151
γ1 four-vector: E=0.100119, Px=0.065835, Py=-0.0694438, Pz=-0.0294461
γ2 four-vector: E=0.131822, Px=-0.0727214, Py=-0.109792, Pz=-0.00585163
π+ four-vector: E=0.272181, Px=0.038091, Py=-0.0545815, Pz=0.224346
π- four-vector: E=0.327356, Px=-0.00206079, Py=0.00479, Pz=-0.296334
γ1 four-vector: E=0.210788, Px=-0.071343, Py=0.192072, Pz=0.049498
γ2 four-vector: E=0.0282901, Px=-0.0189812, Py=-0.0209635, Pz=0.000760135
π+ four-vector: E=0.337393, Px=-0.203839, Py=0.192604, Pz=-0.125961
π- four-vector: E=0.191617, Px=0.0347866, Py=-0.107845, Pz=0.067494
γ1 four-vector: E=0.00242041, Px=-0.000518247, Py=0.0020602, Pz=0.00115991
γ2 four-vector: E=0.252408, Px=0.245487, Py=0.00822254, Pz=0.0581217
π+ four-vector: E=0.176875, Px=-0.0209886, Py=0.0170105, Pz=-0.10599
π- four-vector: E=0.288369, Px=-0.107812, Py=0.206657, Pz=-0.0974949
γ1 four-vector: E=0.232932, Px=0.0281922, Py=-0.169168, Pz=0.157622
γ2 four-vector: E=0.0914204, Px=0.0733964, Py=-0.0535154, Pz=0.0103321
π+ four-vector: E=0.158744, Px=-0.0575066, Py=-0.0490256, Pz=-0.0129719
π- four-vector: E=0.311842, Px=0.138257, Py=0.00778954, Pz=-0.242381
γ1 four-vector: E=0.0478487, Px=0.0423791, Py=-0.00030227, Pz=0.022213
γ2 four-vector: E=0.286263, Px=-0.0547489, Py=0.0544853, Pz=0.275645
π+ four-vector: E=0.326688, Px=-0.0715815, Py=0.244907, Pz=0.149334
π- four-vector: E=0.159249, Px=0.075744, Py=0.00198746, Pz=0.017265
γ1 four-vector: E=0.283543, Px=0.0381744, Py=-0.240345, Pz=-0.145512
γ2 four-vector: E=0.0365177, Px=0.0179517, Py=0.0159077, Pz=-0.0275359
π+ four-vector: E=0.245923, Px=-0.131721, Py=-0.153508, Pz=-0.0155493
π- four-vector: E=0.241598, Px=-0.103128, Py=0.0994039, Pz=-0.136132
γ1 four-vector: E=0.206085, Px=0.170945, Py=0.0855389, Pz=0.0770204
γ2 four-vector: E=0.0523802, Px=0.0369912, Py=-0.0337644, Pz=0.0153396
π+ four-vector: E=0.237433, Px=-0.0759812, Py=-0.133476, Pz=0.116036
π- four-vector: E=0.29957, Px=0.0960956, Py=0.0557758, Pz=-0.24099
γ1 four-vector: E=0.0745624, Px=-0.013094, Py=-0.0380416, Pz=0.0627768
γ2 four-vector: E=0.242406, Px=-0.0073243, Py=-0.026499, Pz=0.240842
π+ four-vector: E=0.284223, Px=0.23238, Py=0.0235683, Pz=-0.0831001
π- four-vector: E=0.28045, Px=-0.1547, Py=-0.118024, Pz=0.146526
γ1 four-vector: E=0.0341444, Px=0.0185176, Py=0.00294356, Pz=-0.0285355
γ2 four-vector: E=0.0272785, Px=0.0113995, Py=0.0138549, Pz=0.0205477
π+ four-vector: E=0.235259, Px=0.0397427, Py=0.0085113, Pz=0.185402
π- four-vector: E=0.305797, Px=-0.141954, Py=0.0578441, Pz=-0.225153
γ1 four-vector: E=0.0496954, Px=0.0240199, Py=0.0340181, Pz=0.0271192
γ2 four-vector: E=0.01, Px=0.00698666, Py=-0.00113443, Pz=-0.00706397
π+ four-vector: E=0.33332, Px=0.119702, Py=-0.206522, Pz=0.186551
π- four-vector: E=0.164919, Px=0.0295459, Py=0.0384156, Pz=-0.074355
γ1 four-vector: E=0.0346702, Px=-0.00910492, Py=0.0333539, Pz=-0.00257702
γ2 four-vector: E=0.01, Px=-0.00246783, Py=-0.000327215, Pz=0.00968518
π+ four-vector: E=0.261076, Px=0.123329, Py=-0.169429, Pz=-0.0701689
π- four-vector: E=0.198219, Px=0.0329592, Py=-0.0693631, Pz=0.118626
γ1 four-vector: E=0.01, Px=0.00494355, Py=-0.000479586, Pz=-0.00867936
γ2 four-vector: E=0.01, Px=0.00896259, Py=0.00412059, Pz=0.00164094
π+ four-vector: E=0.28124, Px=0.0634447, Py=0.209939, Pz=0.108053
π- four-vector: E=0.317062, Px=-0.0845712, Py=-0.269495, Pz=-0.037775
γ1 four-vector: E=0.0704317, Px=-0.00182135, Py=0.00928484, Pz=-0.0697933
γ2 four-vector: E=0.185231, Px=-0.158089, Py=0.00233245, Pz=0.0965031
π+ four-vector: E=0.294392, Px=-0.196905, Py=0.168732, Pz=-0.0101554
π- four-vector: E=0.337068, Px=0.236604, Py=-0.190424, Pz=-0.0452834
γ1 four-vector: E=0.01, Px=0.00577627, Py=0.00171111, Pz=0.00798165
γ2 four-vector: E=0.170062, Px=-0.0964667, Py=-0.0118096, Pz=0.139556
π+ four-vector: E=0.312071, Px=-0.214617, Py=-0.058277, Pz=0.169147
π- four-vector: E=0.276457, Px=0.123257, Py=0.169967, Pz=-0.114131
γ1 four-vector: E=0.738064, Px=-0.505525, Py=-0.200882, Pz=-0.498828
γ2 four-vector: E=0.0125782, Px=0.00238384, Py=-0.00574517, Pz=-0.0109326
π+ four-vector: E=0.314731, Px=-0.252623, Py=-0.125988, Pz=0.00661274
π- four-vector: E=0.156437, Px=0.0552114, Py=-0.014534, Pz=0.0434985
γ1 four-vector: E=0.265853, Px=0.0890197, Py=0.113561, Pz=-0.223287
γ2 four-vector: E=0.0935072, Px=-0.0826364, Py=-0.0330984, Pz=0.0286235
π+ four-vector: E=0.318348, Px=-0.192351, Py=-0.170024, Pz=-0.126955
π- four-vector: E=0.319169, Px=0.1837, Py=0.168286, Pz=0.143115
γ1 four-vector: E=0.019804, Px=0.0128548, Py=0.010061, Pz=0.0112129
γ2 four-vector: E=0.477761, Px=-0.0751735, Py=0.339862, Pz=0.32726
π+ four-vector: E=0.244822, Px=-0.130026, Py=0.0887079, Pz=-0.12586
π- four-vector: E=0.303858, Px=-0.0808771, Py=-0.23351, Pz=0.109274
γ1 four-vector: E=0.01, Px=0.00653463, Py=-0.00287073, Pz=-0.00700411
γ2 four-vector: E=0.05803, Px=-0.00167841, Py=0.00213706, Pz=0.0579663
π+ four-vector: E=0.298636, Px=0.240497, Py=0.102358, Pz=-0.0393226
π- four-vector: E=0.23544, Px=-0.149186, Py=0.0515927, Pz=0.105795
γ1 four-vector: E=0.0859886, Px=-0.0287954, Py=0.017325, Pz=-0.07915
γ2 four-vector: E=0.848665, Px=0.0935858, Py=0.141199, Pz=-0.831587
π+ four-vector: E=0.303108, Px=0.23213, Py=0.0353441, Pz=-0.131983
π- four-vector: E=0.302569, Px=-0.237416, Py=-0.121253, Pz=0.0340342
γ1 four-vector: E=0.176691, Px=0.102755, Py=-0.140514, Pz=0.0302831
γ2 four-vector: E=0.501388, Px=0.380592, Py=-0.318987, Pz=0.0691876
π+ four-vector: E=0.281415, Px=0.119044, Py=0.196328, Pz=-0.0846018
π- four-vector: E=0.195128, Px=0.04038, Py=-0.11973, Pz=-0.0528034
γ1 four-vector: E=0.247908, Px=-0.0760558, Py=0.198219, Pz=-0.127997
γ2 four-vector: E=0.0134365, Px=0.0132664, Py=0.00154554, Pz=0.00146754
π+ four-vector: E=0.168271, Px=0.0189657, Py=0.0916588, Pz=0.0152647
π- four-vector: E=0.323571, Px=-0.133614, Py=-0.254773, Pz=0.0511388
γ1 four-vector: E=0.280803, Px=-0.278296, Py=-0.0179347, Pz=0.0328625
γ2 four-vector: E=0.0285106, Px=-0.00987229, Py=0.0167931, Pz=0.0208179
π+ four-vector: E=0.281858, Px=-0.163412, Py=0.161077, Pz=-0.0864524
π- four-vector: E=0.215756, Px=-0.0144087, Py=-0.160722, Pz=0.0345015
γ1 four-vector: E=0.0710074, Px=0.0310896, Py=-0.0225478, Pz=0.0597252
γ2 four-vector: E=0.0176374, Px=-0.00716628, Py=-0.0133257, Pz=0.00906358
π+ four-vector: E=0.245789, Px=-0.133677, Py=-0.127573, Pz=0.0833466
π- four-vector: E=0.21004, Px=0.0453394, Py=-0.0508286, Pz=0.141973
γ1 four-vector: E=0.221837, Px=-0.213215, Py=-0.010436, Pz=-0.0603497
γ2 four-vector: E=0.218118, Px=-0.0590414, Py=0.195149, Pz=0.077501
π+ four-vector: E=0.245735, Px=-0.161002, Py=-0.0235027, Pz=-0.120791
π- four-vector: E=0.21413, Px=-0.153996, Py=-0.00508042, Pz=0.0528213
γ1 four-vector: E=0.0942549, Px=-0.0318942, Py=-0.00660482, Pz=0.0884484
γ2 four-vector: E=0.857632, Px=0.321583, Py=-0.661152, Pz=-0.441582
π+ four-vector: E=0.177984, Px=0.0487591, Py=0.0328246, Pz=0.0943527
π- four-vector: E=0.361887, Px=-0.0762048, Py=-0.211494, Pz=-0.247193
γ1 four-vector: E=0.0517158, Px=0.0019736, Py=0.0132879, Pz=0.0499406
γ2 four-vector: E=0.0631536, Px=0.0566714, Py=-0.0108733, Pz=-0.0256613
π+ four-vector: E=0.328168, Px=-0.283389, Py=0.0827574, Pz=-0.0348523
π- four-vector: E=0.318084, Px=0.187113, Py=-0.150736, Pz=0.155318
γ1 four-vector: E=0.201814, Px=0.124041, Py=-0.157694, Pz=0.0218026
γ2 four-vector: E=0.01, Px=-0.000372559, Py=0.0011101, Pz=0.00993121
π+ four-vector: E=0.328587, Px=0.129157, Py=0.26594, Pz=-0.0352549
π- four-vector: E=0.282103, Px=-0.155378, Py=-0.189495, Pz=-0.0145091
γ1 four-vector: E=0.279173, Px=-0.279075, Py=0.00371133, Pz=0.00639928
γ2 four-vector: E=0.0465568, Px=0.000475106, Py=-0.0419022, Pz=-0.0202858
π+ four-vector: E=0.319103, Px=0.0983082, Py=-0.209612, Pz=0.170011
π- four-vector: E=0.270311, Px=-0.0738489, Py=0.219757, Pz=-0.00056405
γ1 four-vector: E=0.88151, Px=0.48386, Py=0.583825, Pz=0.449541
γ2 four-vector: E=0.0348482, Px=-0.00364338, Py=-0.0262271, Pz=-0.0226552
π+ four-vector: E=0.172574, Px=-0.0921142, Py=-0.00897849, Pz=0.0435322
π- four-vector: E=0.292057, Px=0.131038, Py=-0.102704, Pz=0.195594
γ1 four-vector: E=0.102917, Px=-0.0710861, Py=0.0682645, Pz=0.029643
γ2 four-vector: E=0.847169, Px=-0.176579, Py=-0.243657, Pz=-0.791925
π+ four-vector: E=0.200061, Px=-0.0736233, Py=-0.0753176, Pz=-0.0980317
π- four-vector: E=0.251979, Px=0.173499, Py=-0.0872223, Pz=-0.0803923
γ1 four-vector: E=0.0190374, Px=-0.0151162, Py=-0.00904609, Pz=-0.0072174
γ2 four-vector: E=0.373072, Px=0.0322335, Py=0.340773, Pz=-0.148383
π+ four-vector: E=0.174471, Px=0.0606622, Py=-0.0142428, Pz=-0.0850673
π- four-vector: E=0.327358, Px=-0.241901, Py=0.0517248, Pz=0.16325
γ1 four-vector: E=0.192147, Px=0.086789, Py=-0.103425, Pz=-0.136716
γ2 four-vector: E=0.70675, Px=-0.00770046, Py=-0.243501, Pz=0.663433
π+ four-vector: E=0.330214, Px=0.28348, Py=0.00087527, Pz=-0.0967412
π- four-vector: E=0.169299, Px=-0.0427864, Py=-0.0207913, Pz=0.0841317
γ1 four-vector: E=0.210894, Px=0.121482, Py=-0.16265, Pz=-0.0571253
γ2 four-vector: E=0.0987816, Px=0.065251, Py=0.0647181, Pz=-0.0362172
π+ four-vector: E=0.260195, Px=0.0956813, Py=-0.0954173, Pz=-0.173554
π- four-vector: E=0.27016, Px=-0.0186287, Py=-0.115662, Pz=0.199852
γ1 four-vector: E=0.151515, Px=0.00944288, Py=-0.0503409, Pz=0.142596
γ2 four-vector: E=0.368143, Px=-0.327988, Py=-0.0570858, Pz=0.157145
π+ four-vector: E=0.231758, Px=-0.101552, Py=0.0848856, Pz=-0.129894
π- four-vector: E=0.289142, Px=0.166473, Py=0.0449658, Pz=0.185868
γ1 four-vector: E=0.264424, Px=-0.0968386, Py=-0.0785037, Pz=0.233194
γ2 four-vector: E=0.207438, Px=-0.0801406, Py=0.0153966, Pz=0.190712
π+ four-vector: E=0.198596, Px=-0.0362398, Py=0.134576, Pz=-0.0263673
π- four-vector: E=0.236739, Px=0.0109857, Py=0.0566501, Pz=-0.182741
γ1 four-vector: E=0.42889, Px=-0.079017, Py=0.094146, Pz=-0.4109
γ2 four-vector: E=0.091966, Px=0.0350477, Py=-0.0607698, Pz=0.0594678
π+ four-vector: E=0.288753, Px=0.210188, Py=0.121757, Pz=-0.0710874
π- four-vector: E=0.294313, Px=-0.167444, Py=-0.167253, Pz=-0.106246
γ1 four-vector: E=0.01, Px=-0.00735717, Py=0.00199587, Pz=-0.00647213
γ2 four-vector: E=0.01, Px=-0.00618664, Py=-0.00385522, Pz=0.00684564
π+ four-vector: E=0.21465, Px=-0.083256, Py=0.111547, Pz=0.0859029
π- four-vector: E=0.225695, Px=-0.127191, Py=0.119287, Pz=0.0347918
γ1 four-vector: E=0.0118176, Px=0.000442118, Py=4.74734e-05, Pz=-0.0118092
γ2 four-vector: E=0.0127762, Px=0.00263651, Py=0.0099214, Pz=0.00760561
π+ four-vector: E=0.173749, Px=-0.0791389, Py=-0.0678589, Pz=-0.000301078
π- four-vector: E=0.353571, Px=-0.0285069, Py=0.19349, Pz=-0.259694
γ1 four-vector: E=0.0373425, Px=-0.0131077, Py=-0.00233494, Pz=-0.0348884
γ2 four-vector: E=0.315139, Px=-0.0140437, Py=0.0741528, Pz=-0.305968
π+ four-vector: E=0.281327, Px=0.0766164, Py=-0.172175, Pz=-0.155915
π- four-vector: E=0.250952, Px=-0.0701013, Py=-0.0491301, Pz=0.190599
γ1 four-vector: E=0.046119, Px=0.022354, Py=-0.0214583, Pz=-0.0341585
γ2 four-vector: E=0.249811, Px=0.0173549, Py=0.0127519, Pz=-0.248881
π+ four-vector: E=0.312376, Px=0.0814735, Py=-0.0310072, Pz=0.265816
π- four-vector: E=0.221605, Px=-0.150698, Py=-0.0315027, Pz=-0.0780081
γ1 four-vector: E=0.775726, Px=0.0240718, Py=-0.636165, Pz=0.443244
γ2 four-vector: E=0.0214247, Px=0.0192988, Py=-0.00187384, Pz=-0.00911398
π+ four-vector: E=0.345876, Px=0.156639, Py=0.270147, Pz=0.0528569
π- four-vector: E=0.29888, Px=-0.149967, Py=-0.205448, Pz=-0.0728653
γ1 four-vector: E=0.0216061, Px=-0.00141661, Py=-0.0206983, Pz=0.00603287
γ2 four-vector: E=0.01, Px=0.00329656, Py=-0.0035185, Pz=0.00876087
π+ four-vector: E=0.316567, Px=0.088233, Py=0.0145451, Pz=-0.269995
π- four-vector: E=0.29605, Px=-0.0631317, Py=0.0504073, Pz=0.248592
γ1 four-vector: E=0.252193, Px=-0.219171, Py=0.0149806, Pz=-0.123858
γ2 four-vector: E=0.689442, Px=0.532334, Py=0.322202, Pz=0.296877
π+ four-vector: E=0.212036, Px=0.0609407, Py=-0.107375, Pz=0.101957
π- four-vector: E=0.314242, Px=0.230896, Py=0.0928532, Pz=-0.13226
γ1 four-vector: E=0.01, Px=-0.00577296, Py=-0.00659634, Pz=-0.00481262
γ2 four-vector: E=0.210265, Px=0.193171, Py=0.0771344, Pz=-0.0307691
π+ four-vector: E=0.321328, Px=0.253265, Py=0.100045, Pz=-0.0988864
π- four-vector: E=0.17204, Px=-0.0997624, Py=0.0170888, Pz=0.00568434
γ1 four-vector: E=0.457856, Px=0.0122261, Py=0.0348924, Pz=-0.456361
γ2 four-vector: E=0.227324, Px=0.0629295, Py=0.0755368, Pz=-0.204964
π+ four-vector: E=0.289944, Px=0.0837943, Py=-0.151745, Pz=-0.186276
π- four-vector: E=0.1961, Px=-0.101365, Py=0.0450919, Pz=-0.0826202
γ1 four-vector: E=0.0506189, Px=0.0334452, Py=-0.0186204, Pz=-0.0331206
γ2 four-vector: E=0.948373, Px=-0.168671, Py=-0.742262, Pz=0.565693
π+ four-vector: E=0.302272, Px=0.209267, Py=-0.158242, Pz=-0.0566907
π- four-vector: E=0.299139, Px=-0.0813349, Py=0.248326, Pz=-0.0433795
γ1 four-vector: E=0.0366359, Px=0.0169158, Py=-0.0114399, Pz=0.0304167
γ2 four-vector: E=0.411555, Px=-0.0896019, Py=0.185773, Pz=-0.356142
π+ four-vector: E=0.183163, Px=-0.0544189, Py=-0.0645451, Pz=-0.0842625
π- four-vector: E=0.28616, Px=-0.0966476, Py=-0.0857641, Pz=0.214173
γ1 four-vector: E=0.01, Px=-0.000448766, Py=-0.00851642, Pz=-0.00522199
γ2 four-vector: E=0.127361, Px=-0.0894986, Py=-0.0865733, Pz=0.026758
π+ four-vector: E=0.281521, Px=-0.100243, Py=-0.197545, Pz=0.104213
π- four-vector: E=0.311468, Px=0.104306, Py=0.249885, Pz=0.0661005
γ1 four-vector: E=0.59293, Px=-0.00903066, Py=-0.0346728, Pz=-0.591847
γ2 four-vector: E=0.326201, Px=0.04037, Py=-0.116064, Pz=0.30217
π+ four-vector: E=0.220612, Px=0.0962508, Py=0.129298, Pz=0.0580205
π- four-vector: E=0.264796, Px=0.173928, Py=-0.0209958, Pz=-0.141789
γ1 four-vector: E=0.0143294, Px=0.000321318, Py=-0.00141078, Pz=0.0142561
γ2 four-vector: E=0.01, Px=0.00169547, Py=0.000463018, Pz=0.00984434
π+ four-vector: E=0.1524, Px=-0.0503962, Py=0.00880235, Pz=0.035881
π- four-vector: E=0.355446, Px=0.0542624, Py=-0.0893627, Pz=-0.309985
γ1 four-vector: E=0.627556, Px=0.0721833, Py=0.0245304, Pz=0.622908
γ2 four-vector: E=0.01, Px=0.00252089, Py=-0.00422337, Pz=0.00870679
π+ four-vector: E=0.337163, Px=0.114211, Py=-0.264999, Pz=0.105305
π- four-vector: E=0.171957, Px=-0.0880302, Py=0.0459629, Pz=-0.0196525
γ1 four-vector: E=0.0116427, Px=0.00702077, Py=-0.00549554, Pz=-0.0074873
γ2 four-vector: E=0.0107173, Px=0.00052073, Py=0.00976575, Pz=-0.00438399
π+ four-vector: E=0.224081, Px=-0.0435033, Py=0.0628708, Pz=0.15826
π- four-vector: E=0.216512, Px=-0.0937848, Py=-0.0814887, Pz=0.110093
γ1 four-vector: E=0.706784, Px=-0.264445, Py=-0.641298, Pz=-0.135464
γ2 four-vector: E=0.237637, Px=-0.0258515, Py=-0.0424479, Pz=0.232382
π+ four-vector: E=0.307111, Px=0.250463, Py=-0.10391, Pz=0.0383029
π- four-vector: E=0.169948, Px=-0.0294474, Py=0.0526382, Pz=0.0769646
γ1 four-vector: E=0.0788248, Px=-0.00803509, Py=-0.0782408, Pz=0.00521243
γ2 four-vector: E=0.01, Px=-0.00207889, Py=-0.00955998, Pz=-0.00207002
π+ four-vector: E=0.307748, Px=0.130349, Py=0.0665559, Pz=0.232308
π- four-vector: E=0.285698, Px=-0.180074, Py=0.0296011, Pz=-0.170292
γ1 four-vector: E=0.0158691, Px=-0.0111884, Py=-0.0091535, Pz=-0.00654675
γ2 four-vector: E=0.11699, Px=0.0235274, Py=0.113933, Pz=-0.0123506
π+ four-vector: E=0.264844, Px=-0.211023, Py=-0.0119514, Pz=0.078408
π- four-vector: E=0.253378, Px=0.122023, Py=-0.133649, Pz=0.110126
γ1 four-vector: E=0.254802, Px=0.204079, Py=-0.0211592, Pz=-0.151089
γ2 four-vector: E=0.01, Px=0.00603439, Py=0.00055557, Pz=-0.00795471
π+ four-vector: E=0.27734, Px=0.20853, Py=0.0817396, Pz=0.0861991
π- four-vector: E=0.25019, Px=-0.068125, Py=0.0533162, Pz=-0.189184
γ1 four-vector: E=0.0533535, Px=0.0109286, Py=0.0513392, Pz=0.00956268
γ2 four-vector: E=0.258918, Px=-0.0952054, Py=-0.240777, Pz=0.000852075
π+ four-vector: E=0.287443, Px=0.150117, Py=-0.201006, Pz=0.0190718
π- four-vector: E=0.159395, Px=0.0302317, Py=-0.0457723, Pz=-0.0554674
γ1 four-vector: E=0.01, Px=-0.0049243, Py=0.000447374, Pz=-0.00869201
γ2 four-vector: E=0.01, Px=-0.00609313, Py=0.00760261, Pz=0.00225258
π+ four-vector: E=0.262333, Px=0.204911, Py=-0.0471922, Pz=0.0726797
π- four-vector: E=0.358065, Px=-0.325575, Py=-0.0519793, Pz=-0.0137312
γ1 four-vector: E=0.112035, Px=-0.102246, Py=0.00613884, Pz=-0.0453848
γ2 four-vector: E=0.0823964, Px=-0.0191003, Py=0.0798709, Pz=0.00670796
π+ four-vector: E=0.314172, Px=-0.120874, Py=0.220823, Pz=0.126528
π- four-vector: E=0.230543, Px=0.174443, Py=-0.0455778, Pz=-0.0363467
γ1 four-vector: E=0.01, Px=0.0033195, Py=-0.00924404, Pz=-0.00187846
γ2 four-vector: E=0.21868, Px=-0.214845, Py=-0.00217405, Pz=-0.0407157
π+ four-vector: E=0.191843, Px=-0.0974845, Py=-0.0718922, Pz=0.0530174
π- four-vector: E=0.23088, Px=-0.0857439, Py=0.0186357, Pz=0.162127
γ1 four-vector: E=0.01, Px=-0.00372151, Py=0.00788, Pz=0.00490469
γ2 four-vector: E=0.01, Px=-0.00911418, Py=0.00339607, Pz=0.00232343
π+ four-vector: E=0.26558, Px=0.151681, Py=-0.0599708, Pz=-0.15687
π- four-vector: E=0.286739, Px=-0.0824201, Py=0.0375705, Pz=0.233867
γ1 four-vector: E=0.01, Px=-0.00699982, Py=-0.00439183, Pz=0.00563155
γ2 four-vector: E=0.588134, Px=0.375423, Py=0.257385, Pz=0.372441
π+ four-vector: E=0.19118, Px=0.0110292, Py=0.00372207, Pz=-0.130742
π- four-vector: E=0.348059, Px=-0.0933846, Py=-0.0293171, Pz=0.303717
γ1 four-vector: E=0.01, Px=-0.00247067, Py=-0.00968556, Pz=-0.0002929
γ2 four-vector: E=0.519406, Px=-0.474337, Py=-0.108268, Pz=-0.181837
π+ four-vector: E=0.234986, Px=-0.100378, Py=0.152766, Pz=-0.0498448
π- four-vector: E=0.309891, Px=-0.0538315, Py=-0.271431, Pz=0.0117812
γ1 four-vector: E=0.290482, Px=-0.263268, Py=0.0682588, Pz=0.102033
γ2 four-vector: E=0.147448, Px=0.0260741, Py=0.0612835, Pz=0.13155
π+ four-vector: E=0.289125, Px=-0.205087, Py=0.129596, Pz=0.0735951
π- four-vector: E=0.205708, Px=0.0882988, Py=0.104472, Pz=-0.0654498
γ1 four-vector: E=0.83321, Px=0.221835, Py=-0.166401, Pz=-0.785709
γ2 four-vector: E=0.0294971, Px=8.77307e-05, Py=-0.000390283, Pz=0.0294944
π+ four-vector: E=0.236792, Px=0.0280302, Py=-0.180578, Pz=0.0579249
π- four-vector: E=0.267378, Px=0.136713, Py=0.0740573, Pz=-0.167317
γ1 four-vector: E=0.406156, Px=-0.0900409, Py=0.272947, Pz=0.286975
γ2 four-vector: E=0.0997604, Px=0.0721779, Py=-0.0316307, Pz=-0.0611719
π+ four-vector: E=0.335523, Px=-0.107938, Py=0.23978, Pz=0.155271
π- four-vector: E=0.213801, Px=0.0991013, Py=-0.125581, Pz=-0.0282552
γ1 four-vector: E=0.0292905, Px=0.0197799, Py=0.000657474, Pz=-0.021593
γ2 four-vector: E=0.0781841, Px=0.057642, Py=0.0175976, Pz=-0.0498044
π+ four-vector: E=0.258551, Px=0.211403, Py=-0.0498809, Pz=-0.0186598
π- four-vector: E=0.339221, Px=-0.257227, Py=0.171321, Pz=0.0152712
γ1 four-vector: E=0.01, Px=0.00291396, Py=-0.000251035, Pz=0.00956273
γ2 four-vector: E=0.181492, Px=-0.0644604, Py=0.0235478, Pz=0.168017
π+ four-vector: E=0.253443, Px=0.071374, Py=0.133342, Pz=-0.148453
π- four-vector: E=0.377861, Px=-0.145649, Py=-0.236325, Pz=0.215394
γ1 four-vector: E=0.346999, Px=-0.286306, Py=0.163481, Pz=-0.10822
γ2 four-vector: E=0.3086, Px=-0.253141, Py=0.119958, Pz=0.129475
π+ four-vector: E=0.254938, Px=-0.199466, Py=-0.0727255, Pz=0.0244192
π- four-vector: E=0.255668, Px=0.102614, Py=-0.166782, Pz=0.0877456
γ1 four-vector: E=0.0133636, Px=0.00143418, Py=-0.012961, Pz=-0.00292294
γ2 four-vector: E=0.0226802, Px=0.005267, Py=-0.0101842, Pz=-0.0195686
π+ four-vector: E=0.303029, Px=0.13059, Py=-0.089229, Pz=-0.217922
π- four-vector: E=0.192533, Px=-0.0304903, Py=-0.112681, Pz=0.0641992
γ1 four-vector: E=0.0203392, Px=0.00212239, Py=0.00528747, Pz=-0.0195248
γ2 four-vector: E=0.01, Px=0.00992472, Py=0.00118766, Pz=0.000298963
π+ four-vector: E=0.294073, Px=0.0992724, Py=0.19925, Pz=0.132672
π- four-vector: E=0.189601, Px=-0.11677, Py=0.0269308, Pz=-0.0476154
γ1 four-vector: E=0.281006, Px=0.0952044, Py=0.241907, Pz=0.106684
γ2 four-vector: E=0.01, Px=0.00270617, Py=-0.0022053, Pz=0.00937087
π+ four-vector: E=0.296464, Px=-0.110731, Py=-0.121916, Pz=0.20358
π- four-vector: E=0.340995, Px=0.211097, Py=0.154258, Pz=-0.169112
γ1 four-vector: E=0.0181586, Px=0.00541419, Py=0.00629424, Pz=-0.0161495
γ2 four-vector: E=0.0571046, Px=0.0450758, Py=-0.0177897, Pz=0.0302098
π+ four-vector: E=0.179024, Px=-0.021861, Py=-0.0832943, Pz=0.0728897
π- four-vector: E=0.358158, Px=0.0199683, Py=0.3281, Pz=-0.0301291
γ1 four-vector: E=0.173005, Px=-0.00865441, Py=0.138691, Pz=0.103057
γ2 four-vector: E=0.0248787, Px=-0.0129154, Py=0.0201931, Pz=-0.00666219
π+ four-vector: E=0.273924, Px=-0.0594458, Py=-0.0436043, Pz=-0.224228
π- four-vector: E=0.350964, Px=-0.0796047, Py=0.0100623, Pz=0.312117
γ1 four-vector: E=0.01, Px=-0.0026282, Py=-0.00850064, Pz=0.00456417
γ2 four-vector: E=0.0712224, Px=0.0671999, Py=0.0145935, Pz=-0.0185428
π+ four-vector: E=0.184746, Px=-0.0656972, Py=-0.0972968, Pz=-0.0320493
π- four-vector: E=0.285909, Px=0.167843, Py=0.129263, Pz=-0.13245
γ1 four-vector: E=0.0243555, Px=-0.00793282, Py=0.0226302, Pz=0.00425856
γ2 four-vector: E=0.01, Px=-0.00420575, Py=0.00772133, Pz=0.00476368
π+ four-vector: E=0.310988, Px=-0.226925, Py=0.090179, Pz=0.133287
π- four-vector: E=0.252232, Px=0.20725, Py=-0.0320763, Pz=0.0178413
γ1 four-vector: E=0.0522234, Px=-0.0330966, Py=-0.0131463, Pz=0.0381978
γ2 four-vector: E=0.122386, Px=-0.00420507, Py=-0.0395317, Pz=0.115749
π+ four-vector: E=0.296284, Px=0.221032, Py=0.0696686, Pz=0.121467
π- four-vector: E=0.16672, Px=-0.00359296, Py=0.0802802, Pz=0.0449088
γ1 four-vector: E=0.0451668, Px=-0.0422748, Py=0.011736, Pz=-0.0107306
γ2 four-vector: E=0.0236662, Px=-0.0177653, Py=-0.0116649, Pz=0.0104122
π+ four-vector: E=0.322822, Px=0.144241, Py=0.167589, Pz=0.18974
π- four-vector: E=0.185809, Px=-0.0178532, Py=-0.0124919, Pz=-0.121363
γ1 four-vector: E=0.409146, Px=0.296025, Py=0.155578, Pz=0.235722
γ2 four-vector: E=0.0948741, Px=0.0270321, Py=0.0645139, Pz=-0.0640962
π+ four-vector: E=0.289942, Px=0.155257, Py=-0.0560978, Pz=0.193633
π- four-vector: E=0.326889, Px=-0.228762, Py=-0.103688, Pz=-0.156372
γ1 four-vector: E=0.774973, Px=0.698273, Py=0.262651, Pz=0.209791
γ2 four-vector: E=0.01, Px=0.000834162, Py=-0.00905225, Pz=0.00416664
π+ four-vector: E=0.157311, Px=-0.0151094, Py=0.0229973, Pz=0.0683279
π- four-vector: E=0.3367, Px=-0.103031, Py=-0.223664, Pz=-0.182769
γ1 four-vector: E=0.201073, Px=0.0918017, Py=0.131106, Pz=0.121713
γ2 four-vector: E=0.01, Px=9.52292e-06, Py=-5.2445e-05, Pz=0.00999986
π+ four-vector: E=0.283024, Px=-0.0681964, Py=-0.0057514, Pz=0.23685
π- four-vector: E=0.318309, Px=0.18087, Py=-0.0180727, Pz=-0.221266
γ1 four-vector: E=0.482728, Px=0.356992, Py=0.322791, Pz=0.0372608
γ2 four-vector: E=0.220932, Px=0.00947679, Py=-0.14733, Pz=0.164362
π+ four-vector: E=0.22176, Px=-0.0537004, Py=0.162331, Pz=-0.0249335
π- four-vector: E=0.258703, Px=-0.17311, Py=-0.0662736, Pz=0.115095
γ1 four-vector: E=0.012584, Px=-0.0018847, Py=0.00958075, Pz=-0.00793812
γ2 four-vector: E=0.0398466, Px=0.0038067, Py=0.00232105, Pz=0.0395964
π+ four-vector: E=0.261297, Px=-0.0949043, Py=-0.199763, Pz=-0.00656543
π- four-vector: E=0.258368, Px=0.0256815, Py=0.0446734, Pz=-0.211608
γ1 four-vector: E=0.01, Px=0.00143389, Py=0.00904159, Pz=0.00402414
γ2 four-vector: E=0.0187326, Px=-0.0131396, Py=0.000161381, Pz=0.0133504
π+ four-vector: E=0.342792, Px=0.240292, Py=-0.154792, Pz=0.128392
π- four-vector: E=0.252562, Px=-0.17034, Py=0.11837, Pz=-0.0379362
γ1 four-vector: E=0.01, Px=-0.00461545, Py=-0.00885589, Pz=-0.000520461
γ2 four-vector: E=0.0327474, Px=0.0299679, Py=-0.00328518, Pz=-0.0127875
π+ four-vector: E=0.294028, Px=0.106087, Py=-0.0574242, Pz=-0.229302
π- four-vector: E=0.269188, Px=0.0693833, Py=-0.0750256, Pz=0.206636
γ1 four-vector: E=0.50116, Px=-0.0733269, Py=0.367362, Pz=-0.33291
γ2 four-vector: E=0.244798, Px=0.00330102, Py=0.000133353, Pz=-0.244776
π+ four-vector: E=0.368654, Px=0.321658, Py=0.0207916, Pz=-0.112642
π- four-vector: E=0.189823, Px=-0.119683, Py=-0.0108128, Pz=0.0476537
γ1 four-vector: E=0.0394878, Px=0.00146003, Py=-0.000570876, Pz=0.0394567
γ2 four-vector: E=0.131084, Px=-0.0206522, Py=0.0206698, Pz=-0.127786
π+ four-vector: E=0.266491, Px=0.0333864, Py=-0.020786, Pz=0.223941
π- four-vector: E=0.19423, Px=0.108458, Py=-0.0693493, Pz=0.0428024
γ1 four-vector: E=0.012183, Px=8.51441e-05, Py=-1.18526e-05, Pz=0.0121827
γ2 four-vector: E=0.01, Px=0.0029935, Py=-0.000186721, Pz=-0.00953961
π+ four-vector: E=0.17479, Px=0.0416585, Py=0.00729522, Pz=0.0971695
π- four-vector: E=0.293703, Px=0.115772, Py=-0.0102712, Pz=-0.231154
γ1 four-vector: E=0.664475, Px=-0.0778426, Py=-0.0376528, Pz=-0.658824
γ2 four-vector: E=0.0344458, Px=-0.00346716, Py=-0.00172119, Pz=0.0342276
π+ four-vector: E=0.213352, Px=-0.0875414, Py=-0.105181, Pz=-0.0864375
π- four-vector: E=0.238265, Px=0.0878472, Py=-0.116719, Pz=-0.126919
γ1 four-vector: E=0.26267, Px=0.144278, Py=0.205586, Pz=-0.0769021
γ2 four-vector: E=0.993819, Px=-0.177309, Py=0.351969, Pz=-0.912335
π+ four-vector: E=0.321782, Px=0.189645, Py=0.125031, Pz=-0.180623
π- four-vector: E=0.226101, Px=-0.0231856, Py=-0.0619145, Pz=0.165619
γ1 four-vector: E=0.0158442, Px=-0.000480331, Py=-0.00100628, Pz=-0.015805
γ2 four-vector: E=0.0282004, Px=0.0150377, Py=-0.00894957, Pz=-0.0221141
π+ four-vector: E=0.317035, Px=-0.14314, Py=-0.133987, Pz=0.206757
π- four-vector: E=0.351842, Px=0.186501, Py=0.16651, Pz=-0.20485
γ1 four-vector: E=0.01, Px=0.00543675, Py=0.00682385, Pz=-0.0048864
γ2 four-vector: E=0.0161984, Px=-0.0146376, Py=0.000234999, Pz=0.00693337
π+ four-vector: E=0.165983, Px=-0.0565053, Py=0.0588986, Pz=-0.03959
π- four-vector: E=0.327288, Px=0.268831, Py=0.0568575, Pz=0.110876
γ1 four-vector: E=0.228581, Px=0.133196, Py=-0.121193, Pz=-0.140785
γ2 four-vector: E=0.109271, Px=0.0910938, Py=-0.00230923, Pz=0.0603058
π+ four-vector: E=0.241133, Px=-0.0773541, Py=-0.0821621, Pz=0.161524
π- four-vector: E=0.24371, Px=0.128967, Py=0.0846501, Pz=0.127576
γ1 four-vector: E=0.173942, Px=-0.0147867, Py=-0.103312, Pz=0.139154
γ2 four-vector: E=0.257158, Px=-0.0649623, Py=-0.00366141, Pz=0.24879
π+ four-vector: E=0.157148, Px=-0.0446007, Py=0.0441605, Pz=-0.0378846
π- four-vector: E=0.238719, Px=0.0832838, Py=0.137497, Pz=0.108739
γ1 four-vector: E=0.326289, Px=0.10369, Py=-0.0816021, Pz=-0.298419
γ2 four-vector: E=0.272363, Px=-0.143739, Py=-0.066641, Pz=0.22154
π+ four-vector: E=0.223424, Px=-0.0343877, Py=-0.109752, Pz=0.131792
π- four-vector: E=0.147816, Px=0.0274348, Py=0.0300939, Pz=0.0295004
γ1 four-vector: E=0.251385, Px=-0.194173, Py=0.156142, Pz=-0.0333333
γ2 four-vector: E=0.241219, Px=0.193681, Py=-0.103366, Pz=-0.0999496
π+ four-vector: E=0.211967, Px=0.0262469, Py=-0.0280507, Pz=0.155349
π- four-vector: E=0.162295, Px=-0.0608175, Py=-0.0488516, Pz=0.0305514
γ1 four-vector: E=0.366695, Px=-0.115898, Py=-0.083588, Pz=-0.337707
γ2 four-vector: E=0.258277, Px=0.151267, Py=0.174054, Pz=0.116322
π+ four-vector: E=0.231793, Px=0.162159, Py=-0.0549501, Pz=-0.0713575
π- four-vector: E=0.150876, Px=-0.0208236, Py=-0.0209563, Pz=-0.0506923
γ1 four-vector: E=0.330175, Px=-0.315047, Py=-0.0561129, Pz=0.0813173
γ2 four-vector: E=0.247641, Px=0.208726, Py=0.129696, Pz=0.0306341
π+ four-vector: E=0.221532, Px=0.152343, Py=-0.0607261, Pz=0.0534711
π- four-vector: E=0.143261, Px=0.019131, Py=-0.0287001, Pz=-0.00362757
γ1 four-vector: E=0.268125, Px=-0.0606968, Py=-0.0537613, Pz=-0.255571
γ2 four-vector: E=0.340668, Px=-0.167237, Py=0.136152, Pz=0.263721
π+ four-vector: E=0.21275, Px=0.0822609, Py=-0.0145265, Pz=0.137709
π- four-vector: E=0.167362, Px=0.0765222, Py=0.0457772, Pz=-0.0271658
γ1 four-vector: E=0.294666, Px=-0.17026, Py=0.218593, Pz=-0.100282
γ2 four-vector: E=0.255475, Px=0.0275311, Py=-0.25376, Pz=-0.0107302
π+ four-vector: E=0.204415, Px=-0.0190354, Py=-0.0993735, Pz=-0.110576
π- four-vector: E=0.173524, Px=0.0973136, Py=-0.00740408, Pz=0.0355642
γ1 four-vector: E=0.279689, Px=-0.181264, Py=-0.0387814, Pz=0.20944
γ2 four-vector: E=0.248262, Px=0.111261, Py=0.143678, Pz=-0.169149
π+ four-vector: E=0.234111, Px=-0.0400159, Py=0.159145, Pz=0.0925131
π- four-vector: E=0.153856, Px=-0.0394985, Py=-0.052424, Pz=-0.00649385
γ1 four-vector: E=0.223989, Px=-0.0188348, Py=0.0831726, Pz=0.20712
γ2 four-vector: E=0.401659, Px=0.107325, Py=-0.206091, Pz=-0.327624
π+ four-vector: E=0.201183, Px=-0.0946952, Py=-0.0357627, Pz=0.10444
π- four-vector: E=0.202489, Px=-0.0400965, Py=0.139598, Pz=-0.0241921
γ1 four-vector: E=0.249514, Px=-0.0402868, Py=0.230505, Pz=0.0866113
γ2 four-vector: E=0.355513, Px=0.146494, Py=-0.267723, Pz=-0.182355
π+ four-vector: E=0.202294, Px=-0.0622601, Py=0.114538, Pz=0.0678707
π- four-vector: E=0.162459, Px=-0.0706837, Py=-0.000808831, Pz=-0.0455539
γ1 four-vector: E=0.192207, Px=-0.0482829, Py=6.9779e-05, Pz=0.186043
γ2 four-vector: E=0.306086, Px=0.190045, Py=-0.0857724, Pz=-0.224086
π+ four-vector: E=0.179405, Px=-0.0718116, Py=-0.0797945, Pz=0.0366197
π- four-vector: E=0.218937, Px=-0.0288928, Py=0.158328, Pz=0.0520558
γ1 four-vector: E=0.290436, Px=0.274479, Py=-0.0354125, Pz=0.0880946
γ2 four-vector: E=0.189697, Px=-0.136494, Py=-0.00142376, Pz=-0.131728
π+ four-vector: E=0.188273, Px=-0.100686, Py=0.0654859, Pz=0.0412292
π- four-vector: E=0.183646, Px=0.0117534, Py=0.0205966, Pz=0.117655
γ1 four-vector: E=0.315494, Px=0.15845, Py=-0.271914, Pz=-0.0221967
γ2 four-vector: E=0.22744, Px=-0.0654556, Py=0.173369, Pz=-0.131862
π+ four-vector: E=0.171299, Px=-0.0838463, Py=0.0523313, Pz=-0.0159201
π- four-vector: E=0.236777, Px=0.121051, Py=-0.136606, Pz=0.0585482
γ1 four-vector: E=0.228749, Px=0.0957835, Py=0.204417, Pz=0.0369519
γ2 four-vector: E=0.262401, Px=-0.145546, Py=-0.200363, Pz=-0.086748
π+ four-vector: E=0.163444, Px=0.037513, Py=-0.0549604, Pz=0.0544527
π- four-vector: E=0.212514, Px=0.127435, Py=0.0676495, Pz=0.070889
γ1 four-vector: E=0.317214, Px=-0.0430567, Py=0.113591, Pz=-0.293032
γ2 four-vector: E=0.245393, Px=-0.117046, Py=-0.126486, Pz=0.174698
π+ four-vector: E=0.209447, Px=-0.156124, Py=0.0105917, Pz=-0.00775598
π- four-vector: E=0.18927, Px=0.0548043, Py=-0.00776064, Pz=0.115924
γ1 four-vector: E=0.237843, Px=0.131102, Py=-0.170372, Pz=0.101759
γ2 four-vector: E=0.305681, Px=-0.0349148, Py=0.221562, Pz=-0.207682
π+ four-vector: E=0.226425, Px=0.148153, Py=0.0939391, Pz=-0.0342537
π- four-vector: E=0.152984, Px=-0.00418758, Py=-0.0122197, Pz=0.0625794
γ1 four-vector: E=0.225761, Px=0.182135, Py=0.102211, Pz=0.0857183
γ2 four-vector: E=0.242689, Px=-0.188299, Py=-0.128846, Pz=-0.0827063
π+ four-vector: E=0.152459, Px=-0.0167188, Py=0.0569171, Pz=-0.0200894
π- four-vector: E=0.215592, Px=-0.146916, Py=0.0244599, Pz=0.0705414
γ1 four-vector: E=0.174702, Px=-0.0902099, Py=0.0527937, Pz=0.139985
γ2 four-vector: E=0.328431, Px=0.238266, Py=-0.146395, Pz=-0.172235
π+ four-vector: E=0.192001, Px=0.105529, Py=0.0769004, Pz=0.0222134
π- four-vector: E=0.164332, Px=0.0503584, Py=0.0480289, Pz=-0.0533049
γ1 four-vector: E=0.250263, Px=-0.190969, Py=0.0426358, Pz=-0.156028
γ2 four-vector: E=0.261774, Px=0.0330892, Py=-0.172971, Pz=0.19368
π+ four-vector: E=0.158388, Px=-0.0721955, Py=0.00980217, Pz=0.0213869
π- four-vector: E=0.223278, Px=0.0336664, Py=0.171263, Pz=0.0082087
γ1 four-vector: E=0.316495, Px=0.0484653, Py=-0.256294, Pz=0.179258
γ2 four-vector: E=0.226518, Px=-0.0151888, Py=0.0786229, Pz=-0.211892
π+ four-vector: E=0.153655, Px=-0.0314282, Py=-0.0173857, Pz=-0.0547631
π- four-vector: E=0.229909, Px=-0.0446098, Py=0.154021, Pz=0.0884577
γ1 four-vector: E=0.358149, Px=0.275894, Py=-0.224398, Pz=0.0424083
γ2 four-vector: E=0.239186, Px=-0.224502, Py=0.0611893, Pz=-0.0553589
π+ four-vector: E=0.156879, Px=0.00726506, Py=0.0321648, Pz=-0.0648275
π- four-vector: E=0.220215, Px=-0.159283, Py=0.0519751, Pz=-0.033185
γ1 four-vector: E=0.294027, Px=0.110196, Py=0.140674, Pz=0.233494
γ2 four-vector: E=0.251015, Px=0.0421967, Py=-0.192261, Pz=-0.155767
π+ four-vector: E=0.228003, Px=-0.178506, Py=0.028132, Pz=-0.00293333
π- four-vector: E=0.159908, Px=0.0635769, Py=-0.0274633, Pz=-0.0381244
γ1 four-vector: E=0.326518, Px=0.251039, Py=-0.0637813, Pz=-0.19881
γ2 four-vector: E=0.292573, Px=-0.140395, Py=-0.00382181, Pz=0.256659
π+ four-vector: E=0.228788, Px=0.122336, Py=0.107556, Pz=0.0805515
π- four-vector: E=0.170986, Px=-0.0455055, Py=-0.0647776, Pz=-0.0604012
γ1 four-vector: E=0.252597, Px=-0.101316, Py=0.0326629, Pz=0.229071
γ2 four-vector: E=0.26102, Px=0.0435369, Py=-0.0854498, Pz=-0.242764
π+ four-vector: E=0.18318, Px=-0.0819515, Py=0.0767606, Pz=-0.0403179
π- four-vector: E=0.187256, Px=-0.0601449, Py=-0.0361041, Pz=-0.104033
γ1 four-vector: E=0.298909, Px=0.283131, Py=-0.0875028, Pz=-0.0390762
γ2 four-vector: E=0.221057, Px=-0.144973, Py=0.065157, Pz=0.153635
π+ four-vector: E=0.143314, Px=-0.0185148, Py=0.0102624, Pz=0.027746
π- four-vector: E=0.228528, Px=0.063932, Py=0.154435, Pz=0.0704731
γ1 four-vector: E=0.21061, Px=0.188554, Py=0.0829367, Pz=-0.0438799
γ2 four-vector: E=0.420549, Px=-0.284794, Py=-0.295957, Pz=-0.0903513
π+ four-vector: E=0.20982, Px=0.156151, Py=-0.00906014, Pz=0.0154287
π- four-vector: E=0.176608, Px=-0.073958, Py=0.0706394, Pz=-0.0375446
γ1 four-vector: E=0.307673, Px=-0.192312, Py=-0.0814349, Pz=0.225936
γ2 four-vector: E=0.22349, Px=0.129074, Py=0.011888, Pz=-0.182062
π+ four-vector: E=0.165523, Px=-0.0111857, Py=-0.0886683, Pz=0.00947082
π- four-vector: E=0.222308, Px=-0.137445, Py=0.102952, Pz=0.0246975
γ1 four-vector: E=0.211111, Px=-0.14548, Py=0.152534, Pz=0.0116892
γ2 four-vector: E=0.353306, Px=0.287089, Py=-0.199987, Pz=-0.0490945
π+ four-vector: E=0.179612, Px=-0.107721, Py=0.0115174, Pz=-0.0346853
π- four-vector: E=0.18182, Px=-0.0894341, Py=0.0755297, Pz=0.00586006
γ1 four-vector: E=0.01, Px=-0.00195359, Py=0.00115249, Pz=0.00973937
γ2 four-vector: E=0.578199, Px=0.461694, Py=-0.244222, Pz=0.248009
π+ four-vector: E=0.16936, Px=-0.0814142, Py=0.0522636, Pz=-0.00137242
π- four-vector: E=0.224738, Px=0.13723, Py=-0.0812457, Pz=0.0758504
γ1 four-vector: E=0.0127222, Px=0.000187805, Py=-0.0106451, Pz=0.00696434
γ2 four-vector: E=0.737613, Px=-0.0897931, Py=0.382447, Pz=0.624295
π+ four-vector: E=0.203605, Px=0.0775563, Py=-0.064185, Pz=-0.109541
π- four-vector: E=0.190985, Px=0.0299504, Py=0.0760638, Pz=0.10233
γ1 four-vector: E=0.189939, Px=-0.0727456, Py=-0.107667, Pz=0.138538
γ2 four-vector: E=0.508905, Px=-0.0275387, Py=0.0710861, Pz=0.503162
π+ four-vector: E=0.167498, Px=0.0489978, Py=0.0328388, Pz=0.0724933
π- four-vector: E=0.20588, Px=-0.128294, Py=0.0716005, Pz=-0.0384628
γ1 four-vector: E=0.0716116, Px=-0.0301244, Py=0.063436, Pz=-0.0140219
γ2 four-vector: E=0.0181325, Px=0.00813807, Py=0.00481618, Pz=-0.0154713
π+ four-vector: E=0.153159, Px=-0.0299414, Py=-0.00127492, Pz=-0.0569086
π- four-vector: E=0.220365, Px=-0.0575581, Py=-0.0231889, Pz=-0.15934
γ1 four-vector: E=0.01, Px=0.00485109, Py=0.0064358, Pz=0.00592008
γ2 four-vector: E=0.302588, Px=0.263775, Py=0.123689, Pz=-0.0817495
π+ four-vector: E=0.177606, Px=-0.00937282, Py=0.00425253, Pz=-0.110078
π- four-vector: E=0.204033, Px=-0.0887555, Py=0.0945044, Pz=0.0741617
γ1 four-vector: E=0.522136, Px=0.201168, Py=0.281358, Pz=-0.391145
γ2 four-vector: E=0.0278296, Px=0.00638725, Py=-0.0182101, Pz=0.0200519
π+ four-vector: E=0.157998, Px=0.0320561, Py=-0.046753, Pz=0.0492833
π- four-vector: E=0.234962, Px=-0.120778, Py=0.0593635, Pz=0.133323
γ1 four-vector: E=0.407628, Px=-0.0525874, Py=-0.112934, Pz=0.388125
γ2 four-vector: E=0.0184473, Px=-0.0122682, Py=-0.0121068, Pz=0.00657419
π+ four-vector: E=0.190667, Px=0.0814701, Py=0.0624506, Pz=0.0805944
π- four-vector: E=0.200651, Px=-0.105178, Py=-0.0226454, Pz=-0.0967712
γ1 four-vector: E=0.01, Px=0.0019105, Py=-0.0013819, Pz=-0.00971804
γ2 four-vector: E=0.0251561, Px=-0.00173125, Py=-0.00754448, Pz=-0.0239356
π+ four-vector: E=0.213027, Px=0.0375864, Py=-0.138154, Pz=0.0745673
π- four-vector: E=0.174632, Px=0.0561775, Py=0.0634187, Pz=0.0632246
γ1 four-vector: E=0.401762, Px=-0.12253, Py=-0.0423531, Pz=-0.38027
γ2 four-vector: E=0.0840366, Px=0.034563, Py=-0.0285109, Pz=-0.0710963
π+ four-vector: E=0.223139, Px=0.115158, Py=0.0548089, Pz=0.119184
π- four-vector: E=0.186652, Px=-0.0505175, Py=-0.036158, Pz=-0.107974
γ1 four-vector: E=0.275872, Px=-0.067063, Py=-0.208762, Pz=0.167411
γ2 four-vector: E=0.015247, Px=0.00459049, Py=-0.00453465, Pz=-0.0138143
π+ four-vector: E=0.20848, Px=-0.147795, Py=0.0478807, Pz=-0.00262555
π- four-vector: E=0.202448, Px=0.137059, Py=-0.0143381, Pz=0.0517057
γ1 four-vector: E=0.320419, Px=-0.122195, Py=0.190345, Pz=-0.226947
γ2 four-vector: E=0.01, Px=-0.000133957, Py=-0.000123999, Pz=-0.00999833
π+ four-vector: E=0.154292, Px=-0.0228397, Py=-0.0608831, Pz=0.0160223
π- four-vector: E=0.232328, Px=0.0897385, Py=-0.0221813, Pz=-0.161587
γ1 four-vector: E=0.499151, Px=0.0151276, Py=0.0107756, Pz=0.498805
γ2 four-vector: E=0.888856, Px=0.484512, Py=-0.176948, Pz=0.723881
π+ four-vector: E=0.210973, Px=-0.0398143, Py=0.0660176, Pz=-0.138726
π- four-vector: E=0.156825, Px=-0.0568863, Py=-0.0250917, Pz=-0.0375141
γ1 four-vector: E=0.534161, Px=-0.26335, Py=-0.45927, Pz=0.0710354
γ2 four-vector: E=0.01, Px=-0.00894532, Py=-0.00117719, Pz=-0.00431225
π+ four-vector: E=0.143941, Px=-0.0211413, Py=-0.000590454, Pz=0.0308336
π- four-vector: E=0.248275, Px=0.10367, Py=-0.147657, Pz=-0.0988411
γ1 four-vector: E=0.753757, Px=0.5766, Py=-0.45061, Pz=0.180644
γ2 four-vector: E=0.01, Px=0.000644879, Py=0.00118154, Pz=0.00990899
π+ four-vector: E=0.224901, Px=-0.049275, Py=0.0793112, Pz=0.150137
π- four-vector: E=0.155358, Px=0.0652285, Py=0.0230623, Pz=0.00532731
γ1 four-vector: E=0.252988, Px=-0.0120049, Py=0.154094, Pz=-0.200285
γ2 four-vector: E=0.01, Px=0.00352818, Py=0.000359432, Pz=0.00935001
π+ four-vector: E=0.231141, Px=-0.0507416, Py=0.173878, Pz=-0.0360135
π- four-vector: E=0.150951, Px=0.0534481, Py=-0.00220446, Pz=-0.0245681
γ1 four-vector: E=0.547046, Px=-0.0554624, Py=-0.533571, Pz=0.10717
γ2 four-vector: E=0.0780891, Px=-0.02687, Py=-0.0271676, Pz=-0.0681016
π+ four-vector: E=0.20183, Px=0.145331, Py=0.0130764, Pz=0.0110572
π- four-vector: E=0.167611, Px=0.0482525, Py=-0.0111229, Pz=0.079502
γ1 four-vector: E=0.25849, Px=-0.146548, Py=0.179746, Pz=0.114158
γ2 four-vector: E=0.068147, Px=0.00225295, Py=-0.0358067, Pz=-0.0579381
π+ four-vector: E=0.159145, Px=0.0615591, Py=0.0470796, Pz=0.000372961
π- four-vector: E=0.200973, Px=-0.00926956, Py=0.0301894, Pz=-0.141674
γ1 four-vector: E=0.01, Px=0.00189131, Py=-0.00280001, Pz=-0.00941185
γ2 four-vector: E=0.0330222, Px=0.00480545, Py=0.000721452, Pz=-0.0326628
π+ four-vector: E=0.184686, Px=-0.0754484, Py=0.0885453, Pz=0.0354298
π- four-vector: E=0.226025, Px=0.0255684, Py=-0.116574, Pz=-0.132374
γ1 four-vector: E=0.090877, Px=-0.00385723, Py=-0.00968145, Pz=0.0902775
γ2 four-vector: E=0.851987, Px=-0.124101, Py=-0.276365, Pz=-0.796307
π+ four-vector: E=0.165006, Px=0.0861571, Py=-0.00302552, Pz=-0.0217665
π- four-vector: E=0.219749, Px=-0.113264, Py=0.125692, Pz=0.0184728
γ1 four-vector: E=0.018999, Px=-0.00763768, Py=0.00189424, Pz=0.0172928
γ2 four-vector: E=0.493682, Px=0.163412, Py=-0.0999656, Pz=-0.455
π+ four-vector: E=0.205755, Px=-0.0874099, Py=-0.112265, Pz=-0.0526325
π- four-vector: E=0.196964, Px=0.0628093, Py=0.0767515, Pz=-0.0981738
γ1 four-vector: E=0.549533, Px=0.350018, Py=0.250261, Pz=-0.341824
γ2 four-vector: E=0.01, Px=-0.00737699, Py=-0.000115851, Pz=-0.0067503
π+ four-vector: E=0.206042, Px=0.0558442, Py=-0.101459, Pz=0.0985897
π- four-vector: E=0.183917, Px=0.0468781, Py=0.0214309, Pz=-0.108846
γ1 four-vector: E=0.01, Px=0.00879208, Py=-0.00117687, Pz=-0.00461674
γ2 four-vector: E=0.01, Px=-0.00242991, Py=0.00294886, Pz=-0.0092412
π+ four-vector: E=0.220443, Px=-0.0966952, Py=-0.132431, Pz=-0.0488455
π- four-vector: E=0.146868, Px=0.00218651, Py=0.00720439, Pz=-0.0468232
γ1 four-vector: E=0.374132, Px=-0.0827383, Py=-0.0923401, Pz=0.352991
γ2 four-vector: E=0.117995, Px=0.0606856, Py=0.00988319, Pz=-0.100709
π+ four-vector: E=0.23313, Px=0.0706201, Py=-0.027052, Pz=0.1712
π- four-vector: E=0.146546, Px=0.032761, Py=0.0286821, Pz=0.0160833
γ1 four-vector: E=0.0768701, Px=-0.0382724, Py=-0.008893, Pz=-0.0660693
γ2 four-vector: E=0.365379, Px=0.115508, Py=0.102475, Pz=-0.331148
π+ four-vector: E=0.183654, Px=0.00373377, Py=0.0129549, Pz=-0.119272
π- four-vector: E=0.201783, Px=0.10067, Py=-0.104453, Pz=0.0187259
γ1 four-vector: E=0.481961, Px=-0.293682, Py=0.0171648, Pz=-0.381762
γ2 four-vector: E=0.0122967, Px=-0.000571054, Py=-0.00169297, Pz=-0.0121662
π+ four-vector: E=0.173911, Px=-0.0595867, Py=0.0839881, Pz=0.0178688
π- four-vector: E=0.218288, Px=0.105292, Py=-0.12168, Pz=-0.0493582
γ1 four-vector: E=0.0128235, Px=-0.0102158, Py=-0.00757454, Pz=-0.00164478
γ2 four-vector: E=0.01, Px=0.00440557, Py=0.00475749, Pz=-0.00761296
π+ four-vector: E=0.21223, Px=-0.142946, Py=-0.0540897, Pz=-0.0485905
π- four-vector: E=0.168354, Px=-0.0451685, Py=-0.0564652, Pz=0.0615905
γ1 four-vector: E=0.374367, Px=0.141207, Py=0.322862, Pz=-0.126376
γ2 four-vector: E=0.302336, Px=-0.275314, Py=0.0275863, Pz=-0.121854
π+ four-vector: E=0.170507, Px=-0.0054602, Py=0.0692491, Pz=0.0701886
π- four-vector: E=0.213728, Px=-0.134565, Py=0.0659257, Pz=0.0624892
γ1 four-vector: E=0.457162, Px=0.011462, Py=-0.0128304, Pz=0.456838
γ2 four-vector: E=0.0614034, Px=-0.000214407, Py=0.0232961, Pz=-0.0568122
π+ four-vector: E=0.223771, Px=-0.104845, Py=0.092616, Pz=0.105747
π- four-vector: E=0.156806, Px=0.066492, Py=0.0267003, Pz=-0.0115359
γ1 four-vector: E=0.223691, Px=-0.216678, Py=0.052007, Pz=-0.0195828
γ2 four-vector: E=0.0149189, Px=-0.0119455, Py=0.004728, Pz=0.00758448
π+ four-vector: E=0.200561, Px=-0.0212318, Py=-0.0927588, Pz=-0.108853
π- four-vector: E=0.167049, Px=-0.088407, Py=0.0257888, Pz=-0.010182
γ1 four-vector: E=0.0980294, Px=0.0188614, Py=-0.0826975, Pz=-0.0491439
γ2 four-vector: E=0.221149, Px=-0.00583586, Py=-0.0222837, Pz=-0.219946
π+ four-vector: E=0.177456, Px=-0.0689859, Py=-0.0851051, Pz=-0.012956
π- four-vector: E=0.177169, Px=-0.0808073, Py=-0.0565623, Pz=-0.0483618
γ1 four-vector: E=0.0528944, Px=0.0391333, Py=-0.0291528, Pz=-0.0204087
γ2 four-vector: E=0.771401, Px=-0.60739, Py=0.174983, Pz=0.442174
π+ four-vector: E=0.158876, Px=-0.0595469, Py=-0.0420388, Pz=0.0246442
π- four-vector: E=0.200113, Px=-0.0638253, Py=-0.079025, Pz=0.102008
γ1 four-vector: E=0.0259664, Px=-0.00167056, Py=0.00345523, Pz=-0.0256812
γ2 four-vector: E=0.0684576, Px=0.0678899, Py=-0.00674746, Pz=-0.0056464
π+ four-vector: E=0.222765, Px=0.152727, Py=0.0321362, Pz=0.0771033
π- four-vector: E=0.177311, Px=-0.105194, Py=0.000584263, Pz=0.0324351
γ1 four-vector: E=0.421776, Px=-0.217916, Py=-0.0988905, Pz=-0.347316
γ2 four-vector: E=0.160028, Px=-0.0350716, Py=0.00461488, Pz=-0.15607
π+ four-vector: E=0.232235, Px=0.146506, Py=-0.0435176, Pz=0.106086
π- four-vector: E=0.146227, Px=-0.0313841, Py=0.0202172, Pz=0.025841
γ1 four-vector: E=0.673634, Px=-0.401461, Py=0.386566, Pz=-0.37839
γ2 four-vector: E=0.170465, Px=0.0438678, Py=-0.0255023, Pz=0.162737
π+ four-vector: E=0.222169, Px=0.0555722, Py=-0.164161, Pz=0.00106477
π- four-vector: E=0.179835, Px=-0.0344868, Py=0.052964, Pz=0.0950013
γ1 four-vector: E=0.0276803, Px=0.00208417, Py=-0.0014357, Pz=-0.0275644
γ2 four-vector: E=0.941526, Px=-0.371241, Py=0.195397, Pz=-0.842894
π+ four-vector: E=0.224518, Px=0.172291, Py=0.0157754, Pz=-0.0339743
π- four-vector: E=0.149962, Px=0.043023, Py=-8.10364e-05, Pz=0.0362866
γ1 four-vector: E=0.0210066, Px=0.00138065, Py=-0.0206827, Pz=-0.00340525
γ2 four-vector: E=0.919171, Px=0.0171132, Py=0.574723, Pz=0.717131
π+ four-vector: E=0.161033, Px=-0.0651049, Py=0.0344024, Pz=0.0344726
π- four-vector: E=0.227651, Px=0.0492331, Py=-0.119688, Pz=-0.125517
γ1 four-vector: E=0.348675, Px=-0.033523, Py=-0.198656, Pz=-0.284581
γ2 four-vector: E=0.01, Px=0.00344093, Py=-0.00749239, Pz=-0.00565898
π+ four-vector: E=0.154404, Px=-0.0175451, Py=0.0482853, Pz=0.0433607
π- four-vector: E=0.222707, Px=0.150306, Py=-0.0826672, Pz=0.0291805
γ1 four-vector: E=0.0417922, Px=-0.00484175, Py=-0.0268216, Pz=-0.031682
γ2 four-vector: E=0.01, Px=-0.00335527, Py=0.00437161, Pz=0.00834453
π+ four-vector: E=0.150861, Px=-0.0121965, Py=-0.0568763, Pz=-0.00737124
π- four-vector: E=0.228612, Px=-0.0257613, Py=-0.165492, Pz=-0.069936
γ1 four-vector: E=0.01, Px=-0.00393091, Py=0.00823567, Pz=-0.00408922
γ2 four-vector: E=0.0356423, Px=0.0174155, Py=-0.0275603, Pz=-0.014405
π+ four-vector: E=0.187603, Px=-0.12054, Py=0.022911, Pz=-0.0286185
π- four-vector: E=0.186303, Px=0.0200224, Py=-0.0980736, Pz=0.0732688
γ1 four-vector: E=0.0710148, Px=0.0423456, Py=-0.0507672, Pz=0.0259355
γ2 four-vector: E=0.01, Px=0.0014893, Py=0.00975245, Pz=-0.00163451
π+ four-vector: E=0.18471, Px=-0.054415, Py=-0.00889164, Pz=0.108429
π- four-vector: E=0.217972, Px=-0.141348, Py=-0.0309703, Pz=-0.0851622
γ1 four-vector: E=0.11237, Px=-0.0121474, Py=0.109096, Pz=0.0240319
γ2 four-vector: E=0.0437513, Px=0.0402532, Py=0.00865191, Pz=-0.0147988
π+ four-vector: E=0.191394, Px=0.105788, Py=-0.0168472, Pz=0.0763904
π- four-vector: E=0.200553, Px=0.0186761, Py=-0.0348263, Pz=-0.139063
γ1 four-vector: E=0.0757162, Px=0.00409986, Py=0.0282135, Pz=0.0701437
γ2 four-vector: E=0.1323, Px=-0.0251661, Py=0.0183585, Pz=0.12858
π+ four-vector: E=0.139731, Px=0.00283008, Py=0.011876, Pz=-0.00740526
π- four-vector: E=0.22541, Px=0.0590384, Py=0.144126, Pz=0.0850337
γ1 four-vector: E=0.0266619, Px=0.0123322, Py=0.012244, Pz=0.0202202
γ2 four-vector: E=0.0151089, Px=0.00198998, Py=0.00534505, Pz=0.0139911
π+ four-vector: E=0.165166, Px=-0.0462503, Py=0.0631217, Pz=-0.0428397
π- four-vector: E=0.212738, Px=0.0898587, Py=0.133381, Pz=0.00845104
γ1 four-vector: E=0.01, Px=-0.0046477, Py=-0.00803735, Pz=0.00371482
γ2 four-vector: E=0.0357698, Px=0.00764992, Py=0.0211971, Pz=-0.0277784
π+ four-vector: E=0.169945, Px=0.0325712, Py=0.0590444, Pz=-0.0708044
π- four-vector: E=0.23563, Px=-0.127424, Py=-0.120942, Pz=0.0730545
γ1 four-vector: E=0.352348, Px=-0.0206049, Py=-0.0143289, Pz=0.351453
γ2 four-vector: E=0.0179677, Px=-0.0111179, Py=-8.22881e-05, Pz=-0.0141147
π+ four-vector: E=0.22921, Px=0.179953, Py=-0.0268722, Pz=0.0105546
π- four-vector: E=0.155582, Px=-0.0584382, Py=0.0366117, Pz=0.0113742
γ1 four-vector: E=0.0425242, Px=0.0337382, Py=0.0183646, Pz=-0.0182423
γ2 four-vector: E=0.213516, Px=-0.016943, Py=-0.193345, Pz=-0.0889943
π+ four-vector: E=0.18504, Px=0.0041299, Py=0.0714822, Pz=0.0989547
π- four-vector: E=0.219704, Px=0.0383188, Py=-0.0417053, Pz=-0.16044
γ1 four-vector: E=0.01, Px=-0.00286851, Py=0.00151636, Pz=-0.00945898
γ2 four-vector: E=0.0182719, Px=0.0106809, Py=-0.0144655, Pz=0.00324525
π+ four-vector: E=0.189382, Px=-0.027158, Py=0.100679, Pz=-0.0753055
π- four-vector: E=0.187221, Px=0.125267, Py=-0.00123179, Pz=-0.00612329
γ1 four-vector: E=0.248609, Px=-0.142551, Py=0.110413, Pz=-0.171158
γ2 four-vector: E=0.61439, Px=0.141385, Py=0.0641197, Pz=-0.594453
π+ four-vector: E=0.216403, Px=-0.148366, Py=-0.0741397, Pz=3.21146e-05
π- four-vector: E=0.164111, Px=0.0306146, Py=0.0777355, Pz=-0.0251241
γ1 four-vector: E=0.01, Px=0.00222248, Py=0.0096152, Pz=-0.00161507
γ2 four-vector: E=0.0614581, Px=0.00347616, Py=0.0166548, Pz=0.0590562
π+ four-vector: E=0.201344, Px=-0.0396709, Py=0.0458326, Pz=0.132454
π- four-vector: E=0.192493, Px=-0.0187881, Py=-0.0994074, Pz=-0.0865895
γ1 four-vector: E=0.0249137, Px=0.0138486, Py=0.0193156, Pz=-0.00747097
γ2 four-vector: E=0.0546584, Px=-0.0512352, Py=-0.0174486, Pz=-0.00761908
π+ four-vector: E=0.225406, Px=0.0832206, Py=-0.151218, Pz=-0.041165
π- four-vector: E=0.188003, Px=0.0293428, Py=0.118961, Pz=0.0318041
γ1 four-vector: E=0.0783286, Px=-0.055096, Py=-0.0265476, Pz=-0.048939
γ2 four-vector: E=0.01, Px=0.00188878, Py=0.000802971, Pz=0.00978712
π+ four-vector: E=0.202405, Px=-0.115652, Py=-0.0198425, Pz=0.0887562
π- four-vector: E=0.164614, Px=-0.0537662, Py=0.0415977, Pz=0.0561757
γ1 four-vector: E=0.0117542, Px=0.00259837, Py=-0.00229597, Pz=0.0112311
γ2 four-vector: E=0.0159721, Px=0.00692714, Py=0.00238264, Pz=0.0141932
π+ four-vector: E=0.149584, Px=-0.0310062, Py=-0.0454911, Pz=0.00484886
π- four-vector: E=0.143191, Px=-0.0326116, Py=0.000107609, Pz=0.0109128
γ1 four-vector: E=0.0648703, Px=0.0395831, Py=-0.00723661, Pz=-0.050882
γ2 four-vector: E=0.0510068, Px=0.00910123, Py=0.0362147, Pz=0.034747
π+ four-vector: E=0.139456, Px=-0.00151895, Py=-0.00500221, Pz=0.00998705
π- four-vector: E=0.158917, Px=0.0184356, Py=-0.0569982, Pz=0.0484252
γ1 four-vector: E=0.0788951, Px=-0.0171775, Py=0.0628821, Pz=0.0444434
γ2 four-vector: E=0.0750276, Px=-0.00325016, Py=0.0108753, Pz=-0.0741641
π+ four-vector: E=0.152178, Px=0.0292933, Py=-0.0314016, Pz=-0.044643
π- four-vector: E=0.174882, Px=0.024524, Py=0.072759, Pz=0.0732625
γ1 four-vector: E=0.0265486, Px=-0.000843921, Py=0.000403727, Pz=-0.0265321
γ2 four-vector: E=0.410605, Px=0.0670686, Py=-0.0744749, Pz=-0.398186
π+ four-vector: E=0.168642, Px=0.0791232, Py=0.0430123, Pz=0.0317569
π- four-vector: E=0.167854, Px=-0.0828285, Py=-0.0345381, Pz=0.0282941
γ1 four-vector: E=0.01, Px=0.00611557, Py=-0.000972952, Pz=0.00785196
γ2 four-vector: E=0.01, Px=0.00235253, Py=0.00456586, Pz=-0.00858012
π+ four-vector: E=0.189411, Px=0.059359, Py=0.111892, Pz=-0.022634
π- four-vector: E=0.17655, Px=-0.058279, Py=-0.091164, Pz=0.0118995
γ1 four-vector: E=0.0477752, Px=-0.000210781, Py=-0.00897146, Pz=-0.0469248
γ2 four-vector: E=0.616163, Px=-0.247925, Py=0.0737475, Pz=0.559241
π+ four-vector: E=0.18423, Px=-0.117566, Py=-0.0129345, Pz=0.0251138
π- four-vector: E=0.169781, Px=0.0738269, Py=-0.0360774, Pz=0.0524655
γ1 four-vector: E=0.191476, Px=-0.181007, Py=-0.0286981, Pz=-0.0554612
γ2 four-vector: E=0.0165708, Px=-0.00771575, Py=-0.006217, Pz=0.0132818
π+ four-vector: E=0.146169, Px=0.0372917, Py=-0.0106132, Pz=-0.0232638
π- four-vector: E=0.186694, Px=-0.0526035, Py=0.0370359, Pz=-0.106747
γ1 four-vector: E=0.105947, Px=0.064519, Py=-0.0117178, Pz=0.0832156
γ2 four-vector: E=0.0926451, Px=-0.0668701, Py=0.000948621, Pz=0.064114
π+ four-vector: E=0.177909, Px=0.0883278, Py=0.0142237, Pz=0.0657761
π- four-vector: E=0.212735, Px=-0.0224996, Py=-0.112442, Pz=-0.113073
γ1 four-vector: E=0.361101, Px=-0.0341794, Py=-0.346123, Pz=0.0970805
γ2 four-vector: E=0.0130332, Px=0.00371221, Py=-0.00824966, Pz=-0.00938229
π+ four-vector: E=0.196868, Px=0.0895684, Py=0.099119, Pz=-0.039861
π- four-vector: E=0.178951, Px=-0.0987695, Py=0.0135994, Pz=0.0525541
γ1 four-vector: E=0.0213003, Px=-0.0118968, Py=-0.00166503, Pz=-0.0175897
γ2 four-vector: E=0.101295, Px=0.0351653, Py=0.0935568, Pz=-0.0164673
π+ four-vector: E=0.161951, Px=-0.0639952, Py=-0.00494819, Pz=-0.052796
π- four-vector: E=0.215755, Px=-0.0391348, Py=0.0914807, Pz=0.131639
γ1 four-vector: E=0.407212, Px=0.18117, Py=-0.149081, Pz=-0.332827
γ2 four-vector: E=0.608166, Px=-0.0115395, Py=0.0215378, Pz=0.607675
π+ four-vector: E=0.207564, Px=0.0648211, Py=0.133109, Pz=-0.0429181
π- four-vector: E=0.213009, Px=-0.128973, Py=-0.0951073, Pz=-0.0192948
γ1 four-vector: E=0.643536, Px=-0.457892, Py=-8.60489e-05, Pz=0.452188
γ2 four-vector: E=0.0897675, Px=0.0575761, Py=-0.0192609, Pz=0.0661228
π+ four-vector: E=0.22008, Px=0.157035, Py=0.0376823, Pz=-0.0550837
π- four-vector: E=0.164496, Px=-0.00210096, Py=-0.0876345, Pz=-0.00733599
γ1 four-vector: E=0.0140518, Px=0.010871, Py=-0.000608646, Pz=0.00888274
γ2 four-vector: E=0.01, Px=0.00682141, Py=0.00609898, Pz=0.00403371
π+ four-vector: E=0.186237, Px=0.108284, Py=0.0230257, Pz=0.0557444
π- four-vector: E=0.241285, Px=-0.082131, Py=-0.142972, Pz=-0.108218
γ1 four-vector: E=0.0624003, Px=0.0410364, Py=0.0424093, Pz=-0.0202796
γ2 four-vector: E=0.109903, Px=-0.0539685, Py=0.0642042, Pz=0.0710208
π+ four-vector: E=0.173738, Px=0.0301333, Py=-0.0761604, Pz=-0.0644625
π- four-vector: E=0.240528, Px=-0.0211942, Py=0.134121, Pz=-0.141757
γ1 four-vector: E=0.0994169, Px=0.0472887, Py=0.0398268, Pz=0.0778545
γ2 four-vector: E=0.179269, Px=-0.0616046, Py=-0.0762484, Pz=0.150094
π+ four-vector: E=0.213054, Px=0.0971267, Py=-0.116088, Pz=0.0562248
π- four-vector: E=0.22168, Px=-0.051651, Py=0.0449236, Pz=-0.15854
γ1 four-vector: E=0.0122067, Px=-0.00187928, Py=0.0064587, Pz=0.0101861
γ2 four-vector: E=0.56073, Px=0.114153, Py=0.164756, Pz=-0.523682
π+ four-vector: E=0.159328, Px=-0.0214191, Py=0.0483968, Pz=0.0571272
π- four-vector: E=0.258973, Px=-0.118789, Py=-0.182147, Pz=-0.0213887
γ1 four-vector: E=0.190828, Px=0.0111236, Py=0.0190101, Pz=0.189552
γ2 four-vector: E=0.137326, Px=-0.0196056, Py=-0.0567851, Pz=0.123489
π+ four-vector: E=0.283097, Px=-0.0982918, Py=-0.0459461, Pz=-0.221474
π- four-vector: E=0.240368, Px=0.0412473, Py=-0.0126566, Pz=0.191296
γ1 four-vector: E=0.321925, Px=0.231113, Py=0.209865, Pz=-0.078609
γ2 four-vector: E=0.240794, Px=-0.210439, Py=-0.0861461, Pz=-0.0792202
π+ four-vector: E=0.262551, Px=0.144952, Py=-0.16898, Pz=-0.00682038
π- four-vector: E=0.312059, Px=-0.185598, Py=0.208269, Pz=0.0154012
γ1 four-vector: E=0.0266463, Px=-0.0253189, Py=-0.00814297, Pz=0.00163428
γ2 four-vector: E=0.0572646, Px=0.0571799, Py=0.00186281, Pz=0.0024941
π+ four-vector: E=0.22371, Px=-0.143224, Py=0.0484374, Pz=0.0886894
π- four-vector: E=0.207841, Px=-0.0633155, Py=0.0141617, Pz=-0.140241
γ1 four-vector: E=0.541519, Px=0.0829255, Py=-0.039327, Pz=0.533685
γ2 four-vector: E=0.0100497, Px=0.00464679, Py=0.008759, Pz=-0.00163815
π+ four-vector: E=0.214629, Px=-0.0867398, Py=-0.095443, Pz=-0.100555
π- four-vector: E=0.307301, Px=0.142593, Py=0.0301822, Pz=0.232097
γ1 four-vector: E=0.0158631, Px=0.00568987, Py=0.014779, Pz=0.000919062
γ2 four-vector: E=0.372545, Px=0.0215909, Py=-0.0146853, Pz=-0.371629
π+ four-vector: E=0.258282, Px=-0.107481, Py=0.183597, Pz=-0.0461412
π- four-vector: E=0.236915, Px=0.186854, Py=-0.0315276, Pz=0.0299904
γ1 four-vector: E=0.0851649, Px=0.00126606, Py=0.0209627, Pz=-0.082535
γ2 four-vector: E=0.0188624, Px=-0.00579818, Py=-0.0116696, Pz=0.0136379
π+ four-vector: E=0.183461, Px=0.10176, Py=-0.0323442, Pz=0.0541823
π- four-vector: E=0.290942, Px=-0.191766, Py=-0.124691, Pz=-0.114035
γ1 four-vector: E=0.154903, Px=-0.0144707, Py=0.069638, Pz=-0.137609
γ2 four-vector: E=0.0187956, Px=0.00430601, Py=-0.0106138, Pz=-0.0149023
π+ four-vector: E=0.206536, Px=0.0492177, Py=0.139921, Pz=-0.0365508
π- four-vector: E=0.276457, Px=0.18515, Py=-0.147563, Pz=-0.0324386
γ1 four-vector: E=0.063511, Px=-0.0353696, Py=0.0520359, Pz=0.00865458
γ2 four-vector: E=0.152739, Px=-0.139269, Py=-0.0132938, Pz=0.0612915
π+ four-vector: E=0.320452, Px=-0.18462, Py=0.136109, Pz=0.17538
π- four-vector: E=0.14881, Px=-0.0475109, Py=-0.00938002, Pz=-0.0218661
γ1 four-vector: E=0.162224, Px=0.086305, Py=-0.108238, Pz=-0.0845722
γ2 four-vector: E=0.158791, Px=0.137054, Py=0.016763, Pz=-0.0784216
π+ four-vector: E=0.358622, Px=-0.257375, Py=0.20726, Pz=0.00949064
π- four-vector: E=0.165524, Px=0.0611542, Py=-0.0623565, Pz=-0.0211885
γ1 four-vector: E=0.030544, Px=-0.0111512, Py=0.0263924, Pz=0.0105844
γ2 four-vector: E=0.144487, Px=-0.00556405, Py=0.13713, Pz=-0.0451737
π+ four-vector: E=0.266679, Px=0.174057, Py=0.145626, Pz=0.0171472
π- four-vector: E=0.179513, Px=0.0820697, Py=0.0147744, Pz=0.0771385
γ1 four-vector: E=0.640811, Px=-0.192628, Py=0.228939, Pz=-0.566675
γ2 four-vector: E=0.0132633, Px=-0.0128586, Py=-0.00317915, Pz=-0.000681928
π+ four-vector: E=0.377921, Px=0.0810154, Py=0.33914, Pz=-0.0438617
π- four-vector: E=0.190175, Px=-0.080136, Py=-0.0923707, Pz=0.0434898
γ1 four-vector: E=0.109896, Px=0.0193476, Py=-0.0590748, Pz=-0.090626
γ2 four-vector: E=0.0592814, Px=-0.0590541, Py=-0.00507225, Pz=-0.00107947
π+ four-vector: E=0.241942, Px=-0.0553547, Py=0.097651, Pz=0.163141
π- four-vector: E=0.228381, Px=-0.0784624, Py=0.162713, Pz=-0.0143165
γ1 four-vector: E=0.0143029, Px=-0.00928158, Py=0.00457494, Pz=-0.00987397
γ2 four-vector: E=0.0123832, Px=-0.00125024, Py=-0.0116998, Pz=-0.00385931
π+ four-vector: E=0.328899, Px=-0.026861, Py=-0.236043, Pz=-0.180043
π- four-vector: E=0.265341, Px=-0.12032, Py=0.18644, Pz=-0.0429912
γ1 four-vector: E=0.00277842, Px=0.00165339, Py=-0.00191447, Pz=-0.00114923
γ2 four-vector: E=0.187022, Px=0.0833901, Py=0.0732689, Pz=0.150516
π+ four-vector: E=0.371071, Px=0.150461, Py=0.0584111, Pz=-0.303846
π- four-vector: E=0.33951, Px=-0.127862, Py=-0.0571573, Pz=0.276279
γ1 four-vector: E=0.05034, Px=0.00627351, Py=-0.00963265, Pz=-0.0490099
γ2 four-vector: E=0.0778961, Px=0.0131257, Py=0.0249055, Pz=0.0726308
π+ four-vector: E=0.196484, Px=-0.104039, Py=-0.0726156, Pz=0.0564627
π- four-vector: E=0.364793, Px=0.148592, Py=-0.245282, Pz=-0.177511
γ1 four-vector: E=0.0310758, Px=-0.00699122, Py=0.0212714, Pz=-0.0215489
γ2 four-vector: E=0.0932299, Px=0.0107628, Py=0.012601, Pz=-0.0917453
π+ four-vector: E=0.361494, Px=-0.243075, Py=-0.200431, Pz=-0.109994
π- four-vector: E=0.332637, Px=0.274201, Py=0.0877412, Pz=0.0918768
γ1 four-vector: E=0.185486, Px=-0.165526, Py=0.041308, Pz=-0.0728001
γ2 four-vector: E=0.0408138, Px=0.0374183, Py=-0.000813875, Pz=0.0162781
π+ four-vector: E=0.367335, Px=0.243349, Py=-0.0338203, Pz=0.235056
π- four-vector: E=0.335654, Px=-0.166324, Py=-0.0290207, Pz=-0.25463
γ1 four-vector: E=0.102748, Px=0.0352914, Py=0.0430143, Pz=-0.0863792
γ2 four-vector: E=0.889388, Px=0.498201, Py=0.364037, Pz=0.640535
π+ four-vector: E=0.235191, Px=0.0155147, Py=0.0624767, Pz=-0.178465
π- four-vector: E=0.352527, Px=-0.231591, Py=-0.160613, Pz=0.15976
γ1 four-vector: E=0.01, Px=-0.00141795, Py=0.0043993, Pz=0.00886767
γ2 four-vector: E=0.250429, Px=0.0600873, Py=-0.197235, Pz=-0.142136
π+ four-vector: E=0.43829, Px=-0.0688948, Py=0.154213, Pz=0.379801
π- four-vector: E=0.235214, Px=0.0209965, Py=-0.0137877, Pz=-0.188079
γ1 four-vector: E=0.101291, Px=0.0637057, Py=-0.00574379, Pz=-0.078539
γ2 four-vector: E=0.182024, Px=-0.0534627, Py=-0.108135, Pz=-0.136314
π+ four-vector: E=0.210334, Px=0.0945683, Py=0.114031, Pz=-0.0545291
π- four-vector: E=0.314162, Px=0.0273932, Py=0.278398, Pz=0.0334753
γ1 four-vector: E=0.168447, Px=-0.0394382, Py=-0.15835, Pz=0.0417615
γ2 four-vector: E=0.200476, Px=-0.0504356, Py=-0.182278, Pz=-0.0664943
π+ four-vector: E=0.18427, Px=0.0433955, Py=-0.104156, Pz=0.0436202
π- four-vector: E=0.381446, Px=-0.108694, Py=-0.0136681, Pz=-0.337903
γ1 four-vector: E=0.225688, Px=0.112376, Py=0.0135548, Pz=0.195251
γ2 four-vector: E=0.01, Px=0.000272516, Py=0.00550029, Pz=0.008347
π+ four-vector: E=0.346202, Px=-0.234672, Py=0.159555, Pz=-0.141444
π- four-vector: E=0.386679, Px=0.0695418, Py=-0.206889, Pz=0.287334
γ1 four-vector: E=0.085527, Px=-0.0744833, Py=0.0168964, Pz=0.0384917
γ2 four-vector: E=0.146165, Px=0.0966216, Py=0.0607245, Pz=0.0913286
π+ four-vector: E=0.235828, Px=-0.0621417, Py=0.0996922, Pz=0.14998
π- four-vector: E=0.412956, Px=0.334221, Py=0.125738, Pz=-0.153942
γ1 four-vector: E=0.996647, Px=-0.347562, Py=0.495225, Pz=0.791996
γ2 four-vector: E=0.231155, Px=0.012785, Py=0.209643, Pz=0.0965361
π+ four-vector: E=0.328651, Px=0.120793, Py=-0.267764, Pz=-0.0490064
π- four-vector: E=0.369649, Px=0.133776, Py=0.315298, Pz=0.0032091
γ1 four-vector: E=0.077476, Px=-0.0338231, Py=-0.0482173, Pz=0.0503351
γ2 four-vector: E=0.163606, Px=-0.162626, Py=-0.014839, Pz=-0.00997571
π+ four-vector: E=0.471209, Px=-0.252692, Py=-0.284002, Pz=-0.241259
π- four-vector: E=0.274087, Px=0.121197, Py=0.200839, Pz=0.0278852
γ1 four-vector: E=0.0200331, Px=-0.0151667, Py=0.00858594, Pz=-0.00987819
γ2 four-vector: E=0.248587, Px=0.130352, Py=0.024443, Pz=0.210253
π+ four-vector: E=0.494632, Px=0.435737, Py=-0.0508052, Pz=-0.181361
π- four-vector: E=0.235322, Px=-0.152994, Py=0.0047976, Pz=0.112363
γ1 four-vector: E=0.452353, Px=-0.320023, Py=0.184617, Pz=0.261008
γ2 four-vector: E=0.01, Px=-3.51135e-05, Py=-0.000244035, Pz=0.00999696
π+ four-vector: E=0.431503, Px=0.326756, Py=0.241597, Pz=-0.0416525
π- four-vector: E=0.174966, Px=0.00407628, Py=-0.0912527, Pz=-0.0543001
γ1 four-vector: E=0.0202016, Px=0.00241715, Py=-0.00448468, Pz=-0.0195487
γ2 four-vector: E=0.27508, Px=-0.0477673, Py=0.206919, Pz=-0.174848
π+ four-vector: E=0.380352, Px=0.218912, Py=0.0533925, Pz=-0.273082
π- four-vector: E=0.344825, Px=0.208818, Py=-0.0480383, Pz=0.231669
γ1 four-vector: E=0.639214, Px=0.400509, Py=-0.485727, Pz=0.11071
γ2 four-vector: E=0.17295, Px=0.151975, Py=-0.00578902, Pz=0.0823514
π+ four-vector: E=0.391893, Px=-0.361074, Py=-0.0509033, Pz=-0.0359642
π- four-vector: E=0.463011, Px=0.436115, Py=0.0514992, Pz=0.0470039
γ1 four-vector: E=0.01, Px=0.00438984, Py=-0.00895126, Pz=0.000777283
γ2 four-vector: E=0.0267302, Px=0.0254693, Py=0.00809678, Pz=0.000507096
π+ four-vector: E=0.48489, Px=0.213622, Py=0.204325, Pz=0.35835
π- four-vector: E=0.435648, Px=-0.116618, Py=-0.223807, Pz=-0.326769
γ1 four-vector: E=0.103252, Px=0.0345992, Py=0.0290124, Pz=-0.0928552
γ2 four-vector: E=0.07127, Px=-0.0143845, Py=0.0529546, Pz=0.0454787
π+ four-vector: E=0.443479, Px=0.163032, Py=-0.323194, Pz=-0.215217
π- four-vector: E=0.366342, Px=-0.304197, Py=0.0692189, Pz=0.132508
γ1 four-vector: E=0.115619, Px=0.070621, Py=-0.0914864, Pz=-0.00326113
γ2 four-vector: E=0.341203, Px=0.319497, Py=-0.0642313, Pz=0.101074
π+ four-vector: E=0.534491, Px=-0.0465739, Py=-0.125531, Pz=-0.498431
π- four-vector: E=0.492991, Px=0.138066, Py=0.109895, Pz=0.43884
γ1 four-vector: E=0.252507, Px=-0.0858566, Py=0.211358, Pz=0.108241
γ2 four-vector: E=0.01, Px=-5.54239e-05, Py=0.00197754, Pz=0.00980236
π+ four-vector: E=0.519275, Px=-0.500047, Py=-0.00325968, Pz=-0.0163765
π- four-vector: E=0.219057, Px=0.108315, Py=0.0813352, Pz=0.101573
γ1 four-vector: E=0.0963806, Px=0.00486306, Py=0.0102003, Pz=0.0957159
γ2 four-vector: E=0.301249, Px=-0.0153496, Py=-0.10233, Pz=-0.28292
π+ four-vector: E=0.410573, Px=-0.0571397, Py=0.380711, Pz=0.0323019
π- four-vector: E=0.398852, Px=-0.207218, Py=-0.264157, Pz=0.16445
γ1 four-vector: E=0.495634, Px=0.290891, Py=0.179472, Pz=-0.358922
γ2 four-vector: E=0.0725902, Px=-0.00721086, Py=-0.0720269, Pz=-0.00542846
π+ four-vector: E=0.526888, Px=-0.118139, Py=0.251581, Pz=0.425488
π- four-vector: E=0.441047, Px=0.20884, Py=-0.226183, Pz=-0.283599
γ1 four-vector: E=0.0402371, Px=0.0209381, Py=-0.0319893, Pz=0.0125422
γ2 four-vector: E=0.20555, Px=-0.0824182, Py=-0.0384009, Pz=-0.184346
π+ four-vector: E=0.315706, Px=0.227372, Py=0.166902, Pz=-0.0281998
π- four-vector: E=0.468895, Px=-0.195658, Py=-0.320786, Pz=-0.243631
γ1 four-vector: E=0.183303, Px=-0.0814966, Py=0.13674, Pz=0.0908868
γ2 four-vector: E=0.500352, Px=-0.217271, Py=-0.208226, Pz=-0.399734
π+ four-vector: E=0.248395, Px=0.141107, Py=0.01777, Pz=0.148835
π- four-vector: E=0.463234, Px=0.353974, Py=0.137037, Pz=-0.226248
γ1 four-vector: E=0.01, Px=0.000913715, Py=-0.00298493, Pz=0.00950028
γ2 four-vector: E=0.0539708, Px=-0.0261096, Py=-0.000452594, Pz=-0.0472327

2026-02-06 09:42:19: removed service = 10.90.0.1%8210_cpp:gurjyan:haidis
Error: ET system is dead
